{
  "stats": {
    "suites": 3,
    "tests": 10,
    "passes": 0,
    "pending": 0,
    "failures": 10,
    "start": "2025-09-04T17:24:08.765Z",
    "end": "2025-09-04T17:24:16.346Z",
    "duration": 7581,
    "testsRegistered": 10,
    "passPercent": 0,
    "pendingPercent": 0,
    "other": 0,
    "hasOther": false,
    "skipped": 0,
    "hasSkipped": false
  },
  "results": [
    {
      "uuid": "6995703d-9912-49fc-9242-0b88e02296f6",
      "title": "",
      "fullFile": "cypress\\e2e\\API-TEST\\INTERNET_BUNDLE\\compte_moov_folie.cy.js",
      "file": "cypress\\e2e\\API-TEST\\INTERNET_BUNDLE\\compte_moov_folie.cy.js",
      "beforeHooks": [],
      "afterHooks": [],
      "tests": [],
      "suites": [
        {
          "uuid": "c70facf0-80ed-4631-8915-faac356634b0",
          "title": "COMPTE MOOV FOLIE API Tests",
          "fullFile": "",
          "file": "",
          "beforeHooks": [],
          "afterHooks": [],
          "tests": [],
          "suites": [
            {
              "uuid": "1a87a6b6-fe93-4e07-8317-9f0f588b1f3d",
              "title": "Successful COMPTE MOOV FOLIE",
              "fullFile": "",
              "file": "",
              "beforeHooks": [],
              "afterHooks": [],
              "tests": [
                {
                  "title": "should process COMPTE MOOV FOLIE for self and return success response",
                  "fullTitle": "COMPTE MOOV FOLIE API Tests Successful COMPTE MOOV FOLIE should process COMPTE MOOV FOLIE for self and return success response",
                  "timedOut": null,
                  "duration": 768,
                  "state": "failed",
                  "speed": null,
                  "pass": false,
                  "fail": true,
                  "pending": false,
                  "context": null,
                  "code": "cy.request({\n  method: 'POST',\n  url: validEndpoint,\n  body: requestBodyforSelf,\n  headers: {\n    'Content-Type': 'application/json'\n  }\n}).then(response => {\n  // Validate response status\n  expect(response.status).to.equal(200);\n  expect(response.body).to.be.jsonSchema(responseSchema);\n  // Validate response values\n  expect(response.body['command-id']).to.equal('BILLF');\n  expect(response.body['request-id']).to.equal(randomId);\n  expect(response.body.status).to.equal(0);\n  expect(response.body['trans-id']).to.match(/^BILLF\\d{6}\\.\\d{4}\\.R\\d{5}$/);\n  expect(response.body.message).to.contains('Débit de');\n});",
                  "err": {
                    "message": "CypressError: `cy.request()` failed trying to load:\n\nhttp://127.0.0.1:8881/Prod_200_AppManagerWildFly21/gateway/transaction\n\nWe attempted to make an http request to this URL but the request failed without a response.\n\nWe received this error at the network level:\n\n  > Error: connect ECONNREFUSED 127.0.0.1:8881\n\n-----------------------------------------------------------\n\nThe request we sent was:\n\nMethod: POST\nURL: http://127.0.0.1:8881/Prod_200_AppManagerWildFly21/gateway/transaction\n\n-----------------------------------------------------------\n\nCommon situations why this would fail:\n  - you don't have internet access\n  - you forgot to run / boot your web server\n  - your web server isn't accessible\n  - you have weird network configuration settings on your computer\n\nhttps://on.cypress.io/request",
                    "estack": "CypressError: `cy.request()` failed trying to load:\n\nhttp://127.0.0.1:8881/Prod_200_AppManagerWildFly21/gateway/transaction\n\nWe attempted to make an http request to this URL but the request failed without a response.\n\nWe received this error at the network level:\n\n  > Error: connect ECONNREFUSED 127.0.0.1:8881\n\n-----------------------------------------------------------\n\nThe request we sent was:\n\nMethod: POST\nURL: http://127.0.0.1:8881/Prod_200_AppManagerWildFly21/gateway/transaction\n\n-----------------------------------------------------------\n\nCommon situations why this would fail:\n  - you don't have internet access\n  - you forgot to run / boot your web server\n  - your web server isn't accessible\n  - you have weird network configuration settings on your computer\n\nhttps://on.cypress.io/request\n    at <unknown> (http://localhost:57707/__cypress/runner/cypress_runner.js:136280:70)\n    at tryCatcher (http://localhost:57707/__cypress/runner/cypress_runner.js:1777:23)\n    at <unknown> (http://localhost:57707/__cypress/runner/cypress_runner.js:4173:37)\n    at tryCatcher (http://localhost:57707/__cypress/runner/cypress_runner.js:1777:23)\n    at Promise._settlePromiseFromHandler (http://localhost:57707/__cypress/runner/cypress_runner.js:1489:31)\n    at Promise._settlePromise (http://localhost:57707/__cypress/runner/cypress_runner.js:1546:18)\n    at Promise._settlePromise0 (http://localhost:57707/__cypress/runner/cypress_runner.js:1591:10)\n    at Promise._settlePromises (http://localhost:57707/__cypress/runner/cypress_runner.js:1667:18)\n    at _drainQueueStep (http://localhost:57707/__cypress/runner/cypress_runner.js:2377:12)\n    at _drainQueue (http://localhost:57707/__cypress/runner/cypress_runner.js:2370:9)\n    at Async._drainQueues (http://localhost:57707/__cypress/runner/cypress_runner.js:2386:5)\n    at Async.drainQueues (http://localhost:57707/__cypress/runner/cypress_runner.js:2256:14)\nFrom Your Spec Code:\n    at Context.eval (webpack://cypess-api-test/./cypress/e2e/API-TEST/INTERNET_BUNDLE/compte_moov_folie.cy.js:72:15)\n\nFrom Node.js Internals:\n  RequestError: Error: connect ECONNREFUSED 127.0.0.1:8881\n      at new r (<embedded>:227:402397)\n      at ee.callback (<embedded>:227:408398)\n      at e.callback.s.callback [as _callback] (<embedded>:227:407844)\n      at s._callback.s.callback.s.callback (<embedded>:290:107368)\n      at ee.emit (node:events:518:28)\n      at ee.onRequestError (<embedded>:290:116310)\n      at ClientRequest.emit (node:events:530:35)\n      at emitErrorEvent (node:_http_client:104:11)\n      at Socket.socketErrorListener (node:_http_client:518:5)\n      at Socket.emit (node:events:518:28)\n      at emitErrorNT (node:internal/streams/destroy:170:8)\n      at emitErrorCloseNT (node:internal/streams/destroy:129:3)\n      at process.processTicksAndRejections (node:internal/process/task_queues:90:21)",
                    "diff": null
                  },
                  "uuid": "006f8c0f-1935-4197-918c-7096784c3ed3",
                  "parentUUID": "1a87a6b6-fe93-4e07-8317-9f0f588b1f3d",
                  "isHook": false,
                  "skipped": false
                },
                {
                  "title": "should process COMPTE MOOV FOLIE for others and return success response",
                  "fullTitle": "COMPTE MOOV FOLIE API Tests Successful COMPTE MOOV FOLIE should process COMPTE MOOV FOLIE for others and return success response",
                  "timedOut": null,
                  "duration": 709,
                  "state": "failed",
                  "speed": null,
                  "pass": false,
                  "fail": true,
                  "pending": false,
                  "context": null,
                  "code": "cy.request({\n  method: 'POST',\n  url: validEndpoint,\n  body: requestBodyforOthers,\n  headers: {\n    'Content-Type': 'application/json'\n  }\n}).then(response => {\n  // Validate response status\n  expect(response.status).to.equal(200);\n  expect(response.body).to.be.jsonSchema(responseSchema);\n  // Validate response values\n  expect(response.body['command-id']).to.equal('BILLF');\n  expect(response.body['request-id']).to.equal(randomId);\n  expect(response.body.status).to.equal(0);\n  expect(response.body['trans-id']).to.match(/^BILLF\\d{6}\\.\\d{4}\\.R\\d{5}$/);\n  expect(response.body.message).to.contains('Débit de');\n});",
                  "err": {
                    "message": "CypressError: `cy.request()` failed trying to load:\n\nhttp://127.0.0.1:8881/Prod_200_AppManagerWildFly21/gateway/transaction\n\nWe attempted to make an http request to this URL but the request failed without a response.\n\nWe received this error at the network level:\n\n  > Error: connect ECONNREFUSED 127.0.0.1:8881\n\n-----------------------------------------------------------\n\nThe request we sent was:\n\nMethod: POST\nURL: http://127.0.0.1:8881/Prod_200_AppManagerWildFly21/gateway/transaction\n\n-----------------------------------------------------------\n\nCommon situations why this would fail:\n  - you don't have internet access\n  - you forgot to run / boot your web server\n  - your web server isn't accessible\n  - you have weird network configuration settings on your computer\n\nhttps://on.cypress.io/request",
                    "estack": "CypressError: `cy.request()` failed trying to load:\n\nhttp://127.0.0.1:8881/Prod_200_AppManagerWildFly21/gateway/transaction\n\nWe attempted to make an http request to this URL but the request failed without a response.\n\nWe received this error at the network level:\n\n  > Error: connect ECONNREFUSED 127.0.0.1:8881\n\n-----------------------------------------------------------\n\nThe request we sent was:\n\nMethod: POST\nURL: http://127.0.0.1:8881/Prod_200_AppManagerWildFly21/gateway/transaction\n\n-----------------------------------------------------------\n\nCommon situations why this would fail:\n  - you don't have internet access\n  - you forgot to run / boot your web server\n  - your web server isn't accessible\n  - you have weird network configuration settings on your computer\n\nhttps://on.cypress.io/request\n    at <unknown> (http://localhost:57707/__cypress/runner/cypress_runner.js:136280:70)\n    at tryCatcher (http://localhost:57707/__cypress/runner/cypress_runner.js:1777:23)\n    at <unknown> (http://localhost:57707/__cypress/runner/cypress_runner.js:4173:37)\n    at tryCatcher (http://localhost:57707/__cypress/runner/cypress_runner.js:1777:23)\n    at Promise._settlePromiseFromHandler (http://localhost:57707/__cypress/runner/cypress_runner.js:1489:31)\n    at Promise._settlePromise (http://localhost:57707/__cypress/runner/cypress_runner.js:1546:18)\n    at Promise._settlePromise0 (http://localhost:57707/__cypress/runner/cypress_runner.js:1591:10)\n    at Promise._settlePromises (http://localhost:57707/__cypress/runner/cypress_runner.js:1667:18)\n    at _drainQueueStep (http://localhost:57707/__cypress/runner/cypress_runner.js:2377:12)\n    at _drainQueue (http://localhost:57707/__cypress/runner/cypress_runner.js:2370:9)\n    at Async._drainQueues (http://localhost:57707/__cypress/runner/cypress_runner.js:2386:5)\n    at Async.drainQueues (http://localhost:57707/__cypress/runner/cypress_runner.js:2256:14)\nFrom Your Spec Code:\n    at Context.eval (webpack://cypess-api-test/./cypress/e2e/API-TEST/INTERNET_BUNDLE/compte_moov_folie.cy.js:94:15)\n\nFrom Node.js Internals:\n  RequestError: Error: connect ECONNREFUSED 127.0.0.1:8881\n      at new r (<embedded>:227:402397)\n      at ee.callback (<embedded>:227:408398)\n      at e.callback.s.callback [as _callback] (<embedded>:227:407844)\n      at s._callback.s.callback.s.callback (<embedded>:290:107368)\n      at ee.emit (node:events:518:28)\n      at ee.onRequestError (<embedded>:290:116310)\n      at ClientRequest.emit (node:events:530:35)\n      at emitErrorEvent (node:_http_client:104:11)\n      at Socket.socketErrorListener (node:_http_client:518:5)\n      at Socket.emit (node:events:518:28)\n      at emitErrorNT (node:internal/streams/destroy:170:8)\n      at emitErrorCloseNT (node:internal/streams/destroy:129:3)\n      at process.processTicksAndRejections (node:internal/process/task_queues:90:21)",
                    "diff": null
                  },
                  "uuid": "3f9bbadc-aa55-4f97-b256-08994552b3a1",
                  "parentUUID": "1a87a6b6-fe93-4e07-8317-9f0f588b1f3d",
                  "isHook": false,
                  "skipped": false
                }
              ],
              "suites": [],
              "passes": [],
              "failures": [
                "006f8c0f-1935-4197-918c-7096784c3ed3",
                "3f9bbadc-aa55-4f97-b256-08994552b3a1"
              ],
              "pending": [],
              "skipped": [],
              "duration": 1477,
              "root": false,
              "rootEmpty": false,
              "_timeout": 2000
            },
            {
              "uuid": "76b52cee-740d-447a-90a0-e034a2d240de",
              "title": "Failed response",
              "fullFile": "",
              "file": "",
              "beforeHooks": [],
              "afterHooks": [],
              "tests": [
                {
                  "title": "should return 404 for invalid endpoint",
                  "fullTitle": "COMPTE MOOV FOLIE API Tests Failed response should return 404 for invalid endpoint",
                  "timedOut": null,
                  "duration": 690,
                  "state": "failed",
                  "speed": null,
                  "pass": false,
                  "fail": true,
                  "pending": false,
                  "context": null,
                  "code": "cy.request({\n  method: 'POST',\n  url: invalidEndpoint,\n  body: requestBodyforSelf,\n  headers: {\n    'Content-Type': 'application/json'\n  },\n  failOnStatusCode: false\n}).then(response => {\n  // Verify Not Found response\n  expect(response.status).to.equal(404);\n});",
                  "err": {
                    "message": "CypressError: `cy.request()` failed trying to load:\n\nhttp://127.0.0.1:8881/Prod_200_AppManagerWildFly21/gateway\n\nWe attempted to make an http request to this URL but the request failed without a response.\n\nWe received this error at the network level:\n\n  > Error: connect ECONNREFUSED 127.0.0.1:8881\n\n-----------------------------------------------------------\n\nThe request we sent was:\n\nMethod: POST\nURL: http://127.0.0.1:8881/Prod_200_AppManagerWildFly21/gateway\n\n-----------------------------------------------------------\n\nCommon situations why this would fail:\n  - you don't have internet access\n  - you forgot to run / boot your web server\n  - your web server isn't accessible\n  - you have weird network configuration settings on your computer\n\nhttps://on.cypress.io/request",
                    "estack": "CypressError: `cy.request()` failed trying to load:\n\nhttp://127.0.0.1:8881/Prod_200_AppManagerWildFly21/gateway\n\nWe attempted to make an http request to this URL but the request failed without a response.\n\nWe received this error at the network level:\n\n  > Error: connect ECONNREFUSED 127.0.0.1:8881\n\n-----------------------------------------------------------\n\nThe request we sent was:\n\nMethod: POST\nURL: http://127.0.0.1:8881/Prod_200_AppManagerWildFly21/gateway\n\n-----------------------------------------------------------\n\nCommon situations why this would fail:\n  - you don't have internet access\n  - you forgot to run / boot your web server\n  - your web server isn't accessible\n  - you have weird network configuration settings on your computer\n\nhttps://on.cypress.io/request\n    at <unknown> (http://localhost:57707/__cypress/runner/cypress_runner.js:136280:70)\n    at tryCatcher (http://localhost:57707/__cypress/runner/cypress_runner.js:1777:23)\n    at <unknown> (http://localhost:57707/__cypress/runner/cypress_runner.js:4173:37)\n    at tryCatcher (http://localhost:57707/__cypress/runner/cypress_runner.js:1777:23)\n    at Promise._settlePromiseFromHandler (http://localhost:57707/__cypress/runner/cypress_runner.js:1489:31)\n    at Promise._settlePromise (http://localhost:57707/__cypress/runner/cypress_runner.js:1546:18)\n    at Promise._settlePromise0 (http://localhost:57707/__cypress/runner/cypress_runner.js:1591:10)\n    at Promise._settlePromises (http://localhost:57707/__cypress/runner/cypress_runner.js:1667:18)\n    at _drainQueueStep (http://localhost:57707/__cypress/runner/cypress_runner.js:2377:12)\n    at _drainQueue (http://localhost:57707/__cypress/runner/cypress_runner.js:2370:9)\n    at Async._drainQueues (http://localhost:57707/__cypress/runner/cypress_runner.js:2386:5)\n    at Async.drainQueues (http://localhost:57707/__cypress/runner/cypress_runner.js:2256:14)\nFrom Your Spec Code:\n    at Context.eval (webpack://cypess-api-test/./cypress/e2e/API-TEST/INTERNET_BUNDLE/compte_moov_folie.cy.js:118:15)\n\nFrom Node.js Internals:\n  RequestError: Error: connect ECONNREFUSED 127.0.0.1:8881\n      at new r (<embedded>:227:402397)\n      at ee.callback (<embedded>:227:408398)\n      at e.callback.s.callback [as _callback] (<embedded>:227:407844)\n      at s._callback.s.callback.s.callback (<embedded>:290:107368)\n      at ee.emit (node:events:518:28)\n      at ee.onRequestError (<embedded>:290:116310)\n      at ClientRequest.emit (node:events:530:35)\n      at emitErrorEvent (node:_http_client:104:11)\n      at Socket.socketErrorListener (node:_http_client:518:5)\n      at Socket.emit (node:events:518:28)\n      at emitErrorNT (node:internal/streams/destroy:170:8)\n      at emitErrorCloseNT (node:internal/streams/destroy:129:3)\n      at process.processTicksAndRejections (node:internal/process/task_queues:90:21)",
                    "diff": null
                  },
                  "uuid": "3ac959e1-d9ac-47da-bda8-81427fa09fc0",
                  "parentUUID": "76b52cee-740d-447a-90a0-e034a2d240de",
                  "isHook": false,
                  "skipped": false
                },
                {
                  "title": "should return 404 for invalid endpoint",
                  "fullTitle": "COMPTE MOOV FOLIE API Tests Failed response should return 404 for invalid endpoint",
                  "timedOut": null,
                  "duration": 701,
                  "state": "failed",
                  "speed": null,
                  "pass": false,
                  "fail": true,
                  "pending": false,
                  "context": null,
                  "code": "cy.request({\n  method: 'POST',\n  url: invalidEndpoint,\n  body: requestBodyforOthers,\n  headers: {\n    'Content-Type': 'application/json'\n  },\n  failOnStatusCode: false\n}).then(response => {\n  // Verify Not Found response\n  expect(response.status).to.equal(404);\n});",
                  "err": {
                    "message": "CypressError: `cy.request()` failed trying to load:\n\nhttp://127.0.0.1:8881/Prod_200_AppManagerWildFly21/gateway\n\nWe attempted to make an http request to this URL but the request failed without a response.\n\nWe received this error at the network level:\n\n  > Error: connect ECONNREFUSED 127.0.0.1:8881\n\n-----------------------------------------------------------\n\nThe request we sent was:\n\nMethod: POST\nURL: http://127.0.0.1:8881/Prod_200_AppManagerWildFly21/gateway\n\n-----------------------------------------------------------\n\nCommon situations why this would fail:\n  - you don't have internet access\n  - you forgot to run / boot your web server\n  - your web server isn't accessible\n  - you have weird network configuration settings on your computer\n\nhttps://on.cypress.io/request",
                    "estack": "CypressError: `cy.request()` failed trying to load:\n\nhttp://127.0.0.1:8881/Prod_200_AppManagerWildFly21/gateway\n\nWe attempted to make an http request to this URL but the request failed without a response.\n\nWe received this error at the network level:\n\n  > Error: connect ECONNREFUSED 127.0.0.1:8881\n\n-----------------------------------------------------------\n\nThe request we sent was:\n\nMethod: POST\nURL: http://127.0.0.1:8881/Prod_200_AppManagerWildFly21/gateway\n\n-----------------------------------------------------------\n\nCommon situations why this would fail:\n  - you don't have internet access\n  - you forgot to run / boot your web server\n  - your web server isn't accessible\n  - you have weird network configuration settings on your computer\n\nhttps://on.cypress.io/request\n    at <unknown> (http://localhost:57707/__cypress/runner/cypress_runner.js:136280:70)\n    at tryCatcher (http://localhost:57707/__cypress/runner/cypress_runner.js:1777:23)\n    at <unknown> (http://localhost:57707/__cypress/runner/cypress_runner.js:4173:37)\n    at tryCatcher (http://localhost:57707/__cypress/runner/cypress_runner.js:1777:23)\n    at Promise._settlePromiseFromHandler (http://localhost:57707/__cypress/runner/cypress_runner.js:1489:31)\n    at Promise._settlePromise (http://localhost:57707/__cypress/runner/cypress_runner.js:1546:18)\n    at Promise._settlePromise0 (http://localhost:57707/__cypress/runner/cypress_runner.js:1591:10)\n    at Promise._settlePromises (http://localhost:57707/__cypress/runner/cypress_runner.js:1667:18)\n    at _drainQueueStep (http://localhost:57707/__cypress/runner/cypress_runner.js:2377:12)\n    at _drainQueue (http://localhost:57707/__cypress/runner/cypress_runner.js:2370:9)\n    at Async._drainQueues (http://localhost:57707/__cypress/runner/cypress_runner.js:2386:5)\n    at Async.drainQueues (http://localhost:57707/__cypress/runner/cypress_runner.js:2256:14)\nFrom Your Spec Code:\n    at Context.eval (webpack://cypess-api-test/./cypress/e2e/API-TEST/INTERNET_BUNDLE/compte_moov_folie.cy.js:133:15)\n\nFrom Node.js Internals:\n  RequestError: Error: connect ECONNREFUSED 127.0.0.1:8881\n      at new r (<embedded>:227:402397)\n      at ee.callback (<embedded>:227:408398)\n      at e.callback.s.callback [as _callback] (<embedded>:227:407844)\n      at s._callback.s.callback.s.callback (<embedded>:290:107368)\n      at ee.emit (node:events:518:28)\n      at ee.onRequestError (<embedded>:290:116310)\n      at ClientRequest.emit (node:events:530:35)\n      at emitErrorEvent (node:_http_client:104:11)\n      at Socket.socketErrorListener (node:_http_client:518:5)\n      at Socket.emit (node:events:518:28)\n      at emitErrorNT (node:internal/streams/destroy:170:8)\n      at emitErrorCloseNT (node:internal/streams/destroy:129:3)\n      at process.processTicksAndRejections (node:internal/process/task_queues:90:21)",
                    "diff": null
                  },
                  "uuid": "771feb37-0325-4b4f-91ee-7fdb3e4aea98",
                  "parentUUID": "76b52cee-740d-447a-90a0-e034a2d240de",
                  "isHook": false,
                  "skipped": false
                },
                {
                  "title": "should return invalid PIN message (SELF)",
                  "fullTitle": "COMPTE MOOV FOLIE API Tests Failed response should return invalid PIN message (SELF)",
                  "timedOut": null,
                  "duration": 733,
                  "state": "failed",
                  "speed": null,
                  "pass": false,
                  "fail": true,
                  "pending": false,
                  "context": null,
                  "code": "cy.request({\n  method: 'POST',\n  url: validEndpoint,\n  body: invalidPINBodySELF,\n  headers: {\n    'Content-Type': 'application/json'\n  },\n  failOnStatusCode: false\n}).then(response => {\n  expect(response.status).to.equal(200);\n  expect(response.body).to.be.jsonSchema(responseSchema);\n  expect(response.body['command-id']).to.equal('BILLF');\n  expect(response.body['request-id']).to.equal(randomId);\n  expect(response.body.status).to.equal(8);\n  expect(response.body['trans-id']).to.match(/^BILLF\\d{6}\\.\\d{4}\\.R\\d{5}$/);\n  invalidPINmessage.forEach(part => {\n    expect(response.body.message).to.include(part);\n  });\n});",
                  "err": {
                    "message": "CypressError: `cy.request()` failed trying to load:\n\nhttp://127.0.0.1:8881/Prod_200_AppManagerWildFly21/gateway/transaction\n\nWe attempted to make an http request to this URL but the request failed without a response.\n\nWe received this error at the network level:\n\n  > Error: connect ECONNREFUSED 127.0.0.1:8881\n\n-----------------------------------------------------------\n\nThe request we sent was:\n\nMethod: POST\nURL: http://127.0.0.1:8881/Prod_200_AppManagerWildFly21/gateway/transaction\n\n-----------------------------------------------------------\n\nCommon situations why this would fail:\n  - you don't have internet access\n  - you forgot to run / boot your web server\n  - your web server isn't accessible\n  - you have weird network configuration settings on your computer\n\nhttps://on.cypress.io/request",
                    "estack": "CypressError: `cy.request()` failed trying to load:\n\nhttp://127.0.0.1:8881/Prod_200_AppManagerWildFly21/gateway/transaction\n\nWe attempted to make an http request to this URL but the request failed without a response.\n\nWe received this error at the network level:\n\n  > Error: connect ECONNREFUSED 127.0.0.1:8881\n\n-----------------------------------------------------------\n\nThe request we sent was:\n\nMethod: POST\nURL: http://127.0.0.1:8881/Prod_200_AppManagerWildFly21/gateway/transaction\n\n-----------------------------------------------------------\n\nCommon situations why this would fail:\n  - you don't have internet access\n  - you forgot to run / boot your web server\n  - your web server isn't accessible\n  - you have weird network configuration settings on your computer\n\nhttps://on.cypress.io/request\n    at <unknown> (http://localhost:57707/__cypress/runner/cypress_runner.js:136280:70)\n    at tryCatcher (http://localhost:57707/__cypress/runner/cypress_runner.js:1777:23)\n    at <unknown> (http://localhost:57707/__cypress/runner/cypress_runner.js:4173:37)\n    at tryCatcher (http://localhost:57707/__cypress/runner/cypress_runner.js:1777:23)\n    at Promise._settlePromiseFromHandler (http://localhost:57707/__cypress/runner/cypress_runner.js:1489:31)\n    at Promise._settlePromise (http://localhost:57707/__cypress/runner/cypress_runner.js:1546:18)\n    at Promise._settlePromise0 (http://localhost:57707/__cypress/runner/cypress_runner.js:1591:10)\n    at Promise._settlePromises (http://localhost:57707/__cypress/runner/cypress_runner.js:1667:18)\n    at _drainQueueStep (http://localhost:57707/__cypress/runner/cypress_runner.js:2377:12)\n    at _drainQueue (http://localhost:57707/__cypress/runner/cypress_runner.js:2370:9)\n    at Async._drainQueues (http://localhost:57707/__cypress/runner/cypress_runner.js:2386:5)\n    at Async.drainQueues (http://localhost:57707/__cypress/runner/cypress_runner.js:2256:14)\nFrom Your Spec Code:\n    at Context.eval (webpack://cypess-api-test/./cypress/e2e/API-TEST/INTERNET_BUNDLE/compte_moov_folie.cy.js:198:15)\n\nFrom Node.js Internals:\n  RequestError: Error: connect ECONNREFUSED 127.0.0.1:8881\n      at new r (<embedded>:227:402397)\n      at ee.callback (<embedded>:227:408398)\n      at e.callback.s.callback [as _callback] (<embedded>:227:407844)\n      at s._callback.s.callback.s.callback (<embedded>:290:107368)\n      at ee.emit (node:events:518:28)\n      at ee.onRequestError (<embedded>:290:116310)\n      at ClientRequest.emit (node:events:530:35)\n      at emitErrorEvent (node:_http_client:104:11)\n      at Socket.socketErrorListener (node:_http_client:518:5)\n      at Socket.emit (node:events:518:28)\n      at emitErrorNT (node:internal/streams/destroy:170:8)\n      at emitErrorCloseNT (node:internal/streams/destroy:129:3)\n      at process.processTicksAndRejections (node:internal/process/task_queues:90:21)",
                    "diff": null
                  },
                  "uuid": "55598c8e-8861-4bc0-a127-814b74117fab",
                  "parentUUID": "76b52cee-740d-447a-90a0-e034a2d240de",
                  "isHook": false,
                  "skipped": false
                },
                {
                  "title": "should return invalid PIN message (OTHERS)",
                  "fullTitle": "COMPTE MOOV FOLIE API Tests Failed response should return invalid PIN message (OTHERS)",
                  "timedOut": null,
                  "duration": 756,
                  "state": "failed",
                  "speed": null,
                  "pass": false,
                  "fail": true,
                  "pending": false,
                  "context": null,
                  "code": "cy.request({\n  method: 'POST',\n  url: validEndpoint,\n  body: invalidPINBodyOTHERS,\n  headers: {\n    'Content-Type': 'application/json'\n  },\n  failOnStatusCode: false\n}).then(response => {\n  expect(response.status).to.equal(200);\n  expect(response.body).to.be.jsonSchema(responseSchema);\n  expect(response.body['command-id']).to.equal('BILLF');\n  expect(response.body['request-id']).to.equal(randomId);\n  expect(response.body.status).to.equal(8);\n  expect(response.body['trans-id']).to.match(/^BILLF\\d{6}\\.\\d{4}\\.R\\d{5}$/);\n  invalidPINmessage.forEach(part => {\n    expect(response.body.message).to.include(part);\n  });\n});",
                  "err": {
                    "message": "CypressError: `cy.request()` failed trying to load:\n\nhttp://127.0.0.1:8881/Prod_200_AppManagerWildFly21/gateway/transaction\n\nWe attempted to make an http request to this URL but the request failed without a response.\n\nWe received this error at the network level:\n\n  > Error: connect ECONNREFUSED 127.0.0.1:8881\n\n-----------------------------------------------------------\n\nThe request we sent was:\n\nMethod: POST\nURL: http://127.0.0.1:8881/Prod_200_AppManagerWildFly21/gateway/transaction\n\n-----------------------------------------------------------\n\nCommon situations why this would fail:\n  - you don't have internet access\n  - you forgot to run / boot your web server\n  - your web server isn't accessible\n  - you have weird network configuration settings on your computer\n\nhttps://on.cypress.io/request",
                    "estack": "CypressError: `cy.request()` failed trying to load:\n\nhttp://127.0.0.1:8881/Prod_200_AppManagerWildFly21/gateway/transaction\n\nWe attempted to make an http request to this URL but the request failed without a response.\n\nWe received this error at the network level:\n\n  > Error: connect ECONNREFUSED 127.0.0.1:8881\n\n-----------------------------------------------------------\n\nThe request we sent was:\n\nMethod: POST\nURL: http://127.0.0.1:8881/Prod_200_AppManagerWildFly21/gateway/transaction\n\n-----------------------------------------------------------\n\nCommon situations why this would fail:\n  - you don't have internet access\n  - you forgot to run / boot your web server\n  - your web server isn't accessible\n  - you have weird network configuration settings on your computer\n\nhttps://on.cypress.io/request\n    at <unknown> (http://localhost:57707/__cypress/runner/cypress_runner.js:136280:70)\n    at tryCatcher (http://localhost:57707/__cypress/runner/cypress_runner.js:1777:23)\n    at <unknown> (http://localhost:57707/__cypress/runner/cypress_runner.js:4173:37)\n    at tryCatcher (http://localhost:57707/__cypress/runner/cypress_runner.js:1777:23)\n    at Promise._settlePromiseFromHandler (http://localhost:57707/__cypress/runner/cypress_runner.js:1489:31)\n    at Promise._settlePromise (http://localhost:57707/__cypress/runner/cypress_runner.js:1546:18)\n    at Promise._settlePromise0 (http://localhost:57707/__cypress/runner/cypress_runner.js:1591:10)\n    at Promise._settlePromises (http://localhost:57707/__cypress/runner/cypress_runner.js:1667:18)\n    at _drainQueueStep (http://localhost:57707/__cypress/runner/cypress_runner.js:2377:12)\n    at _drainQueue (http://localhost:57707/__cypress/runner/cypress_runner.js:2370:9)\n    at Async._drainQueues (http://localhost:57707/__cypress/runner/cypress_runner.js:2386:5)\n    at Async.drainQueues (http://localhost:57707/__cypress/runner/cypress_runner.js:2256:14)\nFrom Your Spec Code:\n    at Context.eval (webpack://cypess-api-test/./cypress/e2e/API-TEST/INTERNET_BUNDLE/compte_moov_folie.cy.js:221:15)\n\nFrom Node.js Internals:\n  RequestError: Error: connect ECONNREFUSED 127.0.0.1:8881\n      at new r (<embedded>:227:402397)\n      at ee.callback (<embedded>:227:408398)\n      at e.callback.s.callback [as _callback] (<embedded>:227:407844)\n      at s._callback.s.callback.s.callback (<embedded>:290:107368)\n      at ee.emit (node:events:518:28)\n      at ee.onRequestError (<embedded>:290:116310)\n      at ClientRequest.emit (node:events:530:35)\n      at emitErrorEvent (node:_http_client:104:11)\n      at Socket.socketErrorListener (node:_http_client:518:5)\n      at Socket.emit (node:events:518:28)\n      at emitErrorNT (node:internal/streams/destroy:170:8)\n      at emitErrorCloseNT (node:internal/streams/destroy:129:3)\n      at process.processTicksAndRejections (node:internal/process/task_queues:90:21)",
                    "diff": null
                  },
                  "uuid": "2d91ab93-1f38-48fa-8d0d-d2990c14fc46",
                  "parentUUID": "76b52cee-740d-447a-90a0-e034a2d240de",
                  "isHook": false,
                  "skipped": false
                },
                {
                  "title": "should return not authorized destination number message (SELF)",
                  "fullTitle": "COMPTE MOOV FOLIE API Tests Failed response should return not authorized destination number message (SELF)",
                  "timedOut": null,
                  "duration": 739,
                  "state": "failed",
                  "speed": null,
                  "pass": false,
                  "fail": true,
                  "pending": false,
                  "context": null,
                  "code": "cy.request({\n  method: 'POST',\n  url: validEndpoint,\n  body: notAuthorizedNumberBodySELF,\n  headers: {\n    'Content-Type': 'application/json'\n  },\n  failOnStatusCode: false\n}).then(response => {\n  expect(response.status).to.equal(200);\n  expect(response.body).to.be.jsonSchema(responseSchema);\n  expect(response.body['command-id']).to.equal('BILLF');\n  expect(response.body['request-id']).to.equal(randomId);\n  expect(response.body.status).to.equal(51);\n  expect(response.body['trans-id']).to.match(/^BILLF\\d{6}\\.\\d{4}\\.R\\d{5}$/);\n  notAuthorizedNumMESSAGE.forEach(part => {\n    expect(response.body.message).to.include(part);\n  });\n});",
                  "err": {
                    "message": "CypressError: `cy.request()` failed trying to load:\n\nhttp://127.0.0.1:8881/Prod_200_AppManagerWildFly21/gateway/transaction\n\nWe attempted to make an http request to this URL but the request failed without a response.\n\nWe received this error at the network level:\n\n  > Error: connect ECONNREFUSED 127.0.0.1:8881\n\n-----------------------------------------------------------\n\nThe request we sent was:\n\nMethod: POST\nURL: http://127.0.0.1:8881/Prod_200_AppManagerWildFly21/gateway/transaction\n\n-----------------------------------------------------------\n\nCommon situations why this would fail:\n  - you don't have internet access\n  - you forgot to run / boot your web server\n  - your web server isn't accessible\n  - you have weird network configuration settings on your computer\n\nhttps://on.cypress.io/request",
                    "estack": "CypressError: `cy.request()` failed trying to load:\n\nhttp://127.0.0.1:8881/Prod_200_AppManagerWildFly21/gateway/transaction\n\nWe attempted to make an http request to this URL but the request failed without a response.\n\nWe received this error at the network level:\n\n  > Error: connect ECONNREFUSED 127.0.0.1:8881\n\n-----------------------------------------------------------\n\nThe request we sent was:\n\nMethod: POST\nURL: http://127.0.0.1:8881/Prod_200_AppManagerWildFly21/gateway/transaction\n\n-----------------------------------------------------------\n\nCommon situations why this would fail:\n  - you don't have internet access\n  - you forgot to run / boot your web server\n  - your web server isn't accessible\n  - you have weird network configuration settings on your computer\n\nhttps://on.cypress.io/request\n    at <unknown> (http://localhost:57707/__cypress/runner/cypress_runner.js:136280:70)\n    at tryCatcher (http://localhost:57707/__cypress/runner/cypress_runner.js:1777:23)\n    at <unknown> (http://localhost:57707/__cypress/runner/cypress_runner.js:4173:37)\n    at tryCatcher (http://localhost:57707/__cypress/runner/cypress_runner.js:1777:23)\n    at Promise._settlePromiseFromHandler (http://localhost:57707/__cypress/runner/cypress_runner.js:1489:31)\n    at Promise._settlePromise (http://localhost:57707/__cypress/runner/cypress_runner.js:1546:18)\n    at Promise._settlePromise0 (http://localhost:57707/__cypress/runner/cypress_runner.js:1591:10)\n    at Promise._settlePromises (http://localhost:57707/__cypress/runner/cypress_runner.js:1667:18)\n    at _drainQueueStep (http://localhost:57707/__cypress/runner/cypress_runner.js:2377:12)\n    at _drainQueue (http://localhost:57707/__cypress/runner/cypress_runner.js:2370:9)\n    at Async._drainQueues (http://localhost:57707/__cypress/runner/cypress_runner.js:2386:5)\n    at Async.drainQueues (http://localhost:57707/__cypress/runner/cypress_runner.js:2256:14)\nFrom Your Spec Code:\n    at Context.eval (webpack://cypess-api-test/./cypress/e2e/API-TEST/INTERNET_BUNDLE/compte_moov_folie.cy.js:294:15)\n\nFrom Node.js Internals:\n  RequestError: Error: connect ECONNREFUSED 127.0.0.1:8881\n      at new r (<embedded>:227:402397)\n      at ee.callback (<embedded>:227:408398)\n      at e.callback.s.callback [as _callback] (<embedded>:227:407844)\n      at s._callback.s.callback.s.callback (<embedded>:290:107368)\n      at ee.emit (node:events:518:28)\n      at ee.onRequestError (<embedded>:290:116310)\n      at ClientRequest.emit (node:events:530:35)\n      at emitErrorEvent (node:_http_client:104:11)\n      at Socket.socketErrorListener (node:_http_client:518:5)\n      at Socket.emit (node:events:518:28)\n      at emitErrorNT (node:internal/streams/destroy:170:8)\n      at emitErrorCloseNT (node:internal/streams/destroy:129:3)\n      at process.processTicksAndRejections (node:internal/process/task_queues:90:21)",
                    "diff": null
                  },
                  "uuid": "76bff138-07b5-4d61-bca9-d3b629f24724",
                  "parentUUID": "76b52cee-740d-447a-90a0-e034a2d240de",
                  "isHook": false,
                  "skipped": false
                },
                {
                  "title": "should return not authorized destination number message (OTHERS)",
                  "fullTitle": "COMPTE MOOV FOLIE API Tests Failed response should return not authorized destination number message (OTHERS)",
                  "timedOut": null,
                  "duration": 686,
                  "state": "failed",
                  "speed": null,
                  "pass": false,
                  "fail": true,
                  "pending": false,
                  "context": null,
                  "code": "cy.request({\n  method: 'POST',\n  url: validEndpoint,\n  body: notAuthorizedNumberBodyOTHERS,\n  headers: {\n    'Content-Type': 'application/json'\n  },\n  failOnStatusCode: false\n}).then(response => {\n  expect(response.status).to.equal(200);\n  expect(response.body).to.be.jsonSchema(responseSchema);\n  expect(response.body['command-id']).to.equal('BILLF');\n  expect(response.body['request-id']).to.equal(randomId);\n  expect(response.body.status).to.equal(51);\n  expect(response.body['trans-id']).to.match(/^BILLF\\d{6}\\.\\d{4}\\.R\\d{5}$/);\n  notAuthorizedNumMESSAGE.forEach(part => {\n    expect(response.body.message).to.include(part);\n  });\n});",
                  "err": {
                    "message": "CypressError: `cy.request()` failed trying to load:\n\nhttp://127.0.0.1:8881/Prod_200_AppManagerWildFly21/gateway/transaction\n\nWe attempted to make an http request to this URL but the request failed without a response.\n\nWe received this error at the network level:\n\n  > Error: connect ECONNREFUSED 127.0.0.1:8881\n\n-----------------------------------------------------------\n\nThe request we sent was:\n\nMethod: POST\nURL: http://127.0.0.1:8881/Prod_200_AppManagerWildFly21/gateway/transaction\n\n-----------------------------------------------------------\n\nCommon situations why this would fail:\n  - you don't have internet access\n  - you forgot to run / boot your web server\n  - your web server isn't accessible\n  - you have weird network configuration settings on your computer\n\nhttps://on.cypress.io/request",
                    "estack": "CypressError: `cy.request()` failed trying to load:\n\nhttp://127.0.0.1:8881/Prod_200_AppManagerWildFly21/gateway/transaction\n\nWe attempted to make an http request to this URL but the request failed without a response.\n\nWe received this error at the network level:\n\n  > Error: connect ECONNREFUSED 127.0.0.1:8881\n\n-----------------------------------------------------------\n\nThe request we sent was:\n\nMethod: POST\nURL: http://127.0.0.1:8881/Prod_200_AppManagerWildFly21/gateway/transaction\n\n-----------------------------------------------------------\n\nCommon situations why this would fail:\n  - you don't have internet access\n  - you forgot to run / boot your web server\n  - your web server isn't accessible\n  - you have weird network configuration settings on your computer\n\nhttps://on.cypress.io/request\n    at <unknown> (http://localhost:57707/__cypress/runner/cypress_runner.js:136280:70)\n    at tryCatcher (http://localhost:57707/__cypress/runner/cypress_runner.js:1777:23)\n    at <unknown> (http://localhost:57707/__cypress/runner/cypress_runner.js:4173:37)\n    at tryCatcher (http://localhost:57707/__cypress/runner/cypress_runner.js:1777:23)\n    at Promise._settlePromiseFromHandler (http://localhost:57707/__cypress/runner/cypress_runner.js:1489:31)\n    at Promise._settlePromise (http://localhost:57707/__cypress/runner/cypress_runner.js:1546:18)\n    at Promise._settlePromise0 (http://localhost:57707/__cypress/runner/cypress_runner.js:1591:10)\n    at Promise._settlePromises (http://localhost:57707/__cypress/runner/cypress_runner.js:1667:18)\n    at _drainQueueStep (http://localhost:57707/__cypress/runner/cypress_runner.js:2377:12)\n    at _drainQueue (http://localhost:57707/__cypress/runner/cypress_runner.js:2370:9)\n    at Async._drainQueues (http://localhost:57707/__cypress/runner/cypress_runner.js:2386:5)\n    at Async.drainQueues (http://localhost:57707/__cypress/runner/cypress_runner.js:2256:14)\nFrom Your Spec Code:\n    at Context.eval (webpack://cypess-api-test/./cypress/e2e/API-TEST/INTERNET_BUNDLE/compte_moov_folie.cy.js:317:15)\n\nFrom Node.js Internals:\n  RequestError: Error: connect ECONNREFUSED 127.0.0.1:8881\n      at new r (<embedded>:227:402397)\n      at ee.callback (<embedded>:227:408398)\n      at e.callback.s.callback [as _callback] (<embedded>:227:407844)\n      at s._callback.s.callback.s.callback (<embedded>:290:107368)\n      at ee.emit (node:events:518:28)\n      at ee.onRequestError (<embedded>:290:116310)\n      at ClientRequest.emit (node:events:530:35)\n      at emitErrorEvent (node:_http_client:104:11)\n      at Socket.socketErrorListener (node:_http_client:518:5)\n      at Socket.emit (node:events:518:28)\n      at emitErrorNT (node:internal/streams/destroy:170:8)\n      at emitErrorCloseNT (node:internal/streams/destroy:129:3)\n      at process.processTicksAndRejections (node:internal/process/task_queues:90:21)",
                    "diff": null
                  },
                  "uuid": "4e5131b5-27ac-49ed-a75d-f6f42735535e",
                  "parentUUID": "76b52cee-740d-447a-90a0-e034a2d240de",
                  "isHook": false,
                  "skipped": false
                },
                {
                  "title": "should return not authorized sender number message (SELF)",
                  "fullTitle": "COMPTE MOOV FOLIE API Tests Failed response should return not authorized sender number message (SELF)",
                  "timedOut": null,
                  "duration": 679,
                  "state": "failed",
                  "speed": null,
                  "pass": false,
                  "fail": true,
                  "pending": false,
                  "context": null,
                  "code": "cy.request({\n  method: 'POST',\n  url: validEndpoint,\n  body: notAuthorizedSenderNumBodySELF,\n  headers: {\n    'Content-Type': 'application/json'\n  },\n  failOnStatusCode: false\n}).then(response => {\n  expect(response.status).to.equal(200);\n  expect(response.body).to.be.jsonSchema(responseSchema);\n  expect(response.body['command-id']).to.equal('BILLF');\n  expect(response.body['request-id']).to.equal(randomId);\n  expect(response.body.status).to.equal(4);\n  expect(response.body['trans-id']).to.match(/^BILLF\\d{6}\\.\\d{4}\\.R\\d{5}$/);\n  notAuthorizedSenderNumMESSAGE.forEach(part => {\n    expect(response.body.message).to.include(part);\n  });\n});",
                  "err": {
                    "message": "CypressError: `cy.request()` failed trying to load:\n\nhttp://127.0.0.1:8881/Prod_200_AppManagerWildFly21/gateway/transaction\n\nWe attempted to make an http request to this URL but the request failed without a response.\n\nWe received this error at the network level:\n\n  > Error: connect ECONNREFUSED 127.0.0.1:8881\n\n-----------------------------------------------------------\n\nThe request we sent was:\n\nMethod: POST\nURL: http://127.0.0.1:8881/Prod_200_AppManagerWildFly21/gateway/transaction\n\n-----------------------------------------------------------\n\nCommon situations why this would fail:\n  - you don't have internet access\n  - you forgot to run / boot your web server\n  - your web server isn't accessible\n  - you have weird network configuration settings on your computer\n\nhttps://on.cypress.io/request",
                    "estack": "CypressError: `cy.request()` failed trying to load:\n\nhttp://127.0.0.1:8881/Prod_200_AppManagerWildFly21/gateway/transaction\n\nWe attempted to make an http request to this URL but the request failed without a response.\n\nWe received this error at the network level:\n\n  > Error: connect ECONNREFUSED 127.0.0.1:8881\n\n-----------------------------------------------------------\n\nThe request we sent was:\n\nMethod: POST\nURL: http://127.0.0.1:8881/Prod_200_AppManagerWildFly21/gateway/transaction\n\n-----------------------------------------------------------\n\nCommon situations why this would fail:\n  - you don't have internet access\n  - you forgot to run / boot your web server\n  - your web server isn't accessible\n  - you have weird network configuration settings on your computer\n\nhttps://on.cypress.io/request\n    at <unknown> (http://localhost:57707/__cypress/runner/cypress_runner.js:136280:70)\n    at tryCatcher (http://localhost:57707/__cypress/runner/cypress_runner.js:1777:23)\n    at <unknown> (http://localhost:57707/__cypress/runner/cypress_runner.js:4173:37)\n    at tryCatcher (http://localhost:57707/__cypress/runner/cypress_runner.js:1777:23)\n    at Promise._settlePromiseFromHandler (http://localhost:57707/__cypress/runner/cypress_runner.js:1489:31)\n    at Promise._settlePromise (http://localhost:57707/__cypress/runner/cypress_runner.js:1546:18)\n    at Promise._settlePromise0 (http://localhost:57707/__cypress/runner/cypress_runner.js:1591:10)\n    at Promise._settlePromises (http://localhost:57707/__cypress/runner/cypress_runner.js:1667:18)\n    at _drainQueueStep (http://localhost:57707/__cypress/runner/cypress_runner.js:2377:12)\n    at _drainQueue (http://localhost:57707/__cypress/runner/cypress_runner.js:2370:9)\n    at Async._drainQueues (http://localhost:57707/__cypress/runner/cypress_runner.js:2386:5)\n    at Async.drainQueues (http://localhost:57707/__cypress/runner/cypress_runner.js:2256:14)\nFrom Your Spec Code:\n    at Context.eval (webpack://cypess-api-test/./cypress/e2e/API-TEST/INTERNET_BUNDLE/compte_moov_folie.cy.js:390:15)\n\nFrom Node.js Internals:\n  RequestError: Error: connect ECONNREFUSED 127.0.0.1:8881\n      at new r (<embedded>:227:402397)\n      at ee.callback (<embedded>:227:408398)\n      at e.callback.s.callback [as _callback] (<embedded>:227:407844)\n      at s._callback.s.callback.s.callback (<embedded>:290:107368)\n      at ee.emit (node:events:518:28)\n      at ee.onRequestError (<embedded>:290:116310)\n      at ClientRequest.emit (node:events:530:35)\n      at emitErrorEvent (node:_http_client:104:11)\n      at Socket.socketErrorListener (node:_http_client:518:5)\n      at Socket.emit (node:events:518:28)\n      at emitErrorNT (node:internal/streams/destroy:170:8)\n      at emitErrorCloseNT (node:internal/streams/destroy:129:3)\n      at process.processTicksAndRejections (node:internal/process/task_queues:90:21)",
                    "diff": null
                  },
                  "uuid": "22a1e75a-7e8e-4415-886f-c1116e04b75a",
                  "parentUUID": "76b52cee-740d-447a-90a0-e034a2d240de",
                  "isHook": false,
                  "skipped": false
                },
                {
                  "title": "should return not authorized sender number message (OTHERS)",
                  "fullTitle": "COMPTE MOOV FOLIE API Tests Failed response should return not authorized sender number message (OTHERS)",
                  "timedOut": null,
                  "duration": 715,
                  "state": "failed",
                  "speed": null,
                  "pass": false,
                  "fail": true,
                  "pending": false,
                  "context": null,
                  "code": "cy.request({\n  method: 'POST',\n  url: validEndpoint,\n  body: notAuthorizedSenderNumBodyOTHERS,\n  headers: {\n    'Content-Type': 'application/json'\n  },\n  failOnStatusCode: false\n}).then(response => {\n  expect(response.status).to.equal(200);\n  expect(response.body).to.be.jsonSchema(responseSchema);\n  expect(response.body['command-id']).to.equal('BILLF');\n  expect(response.body['request-id']).to.equal(randomId);\n  expect(response.body.status).to.equal(4);\n  expect(response.body['trans-id']).to.match(/^BILLF\\d{6}\\.\\d{4}\\.R\\d{5}$/);\n  notAuthorizedSenderNumMESSAGE.forEach(part => {\n    expect(response.body.message).to.include(part);\n  });\n});",
                  "err": {
                    "message": "CypressError: `cy.request()` failed trying to load:\n\nhttp://127.0.0.1:8881/Prod_200_AppManagerWildFly21/gateway/transaction\n\nWe attempted to make an http request to this URL but the request failed without a response.\n\nWe received this error at the network level:\n\n  > Error: connect ECONNREFUSED 127.0.0.1:8881\n\n-----------------------------------------------------------\n\nThe request we sent was:\n\nMethod: POST\nURL: http://127.0.0.1:8881/Prod_200_AppManagerWildFly21/gateway/transaction\n\n-----------------------------------------------------------\n\nCommon situations why this would fail:\n  - you don't have internet access\n  - you forgot to run / boot your web server\n  - your web server isn't accessible\n  - you have weird network configuration settings on your computer\n\nhttps://on.cypress.io/request",
                    "estack": "CypressError: `cy.request()` failed trying to load:\n\nhttp://127.0.0.1:8881/Prod_200_AppManagerWildFly21/gateway/transaction\n\nWe attempted to make an http request to this URL but the request failed without a response.\n\nWe received this error at the network level:\n\n  > Error: connect ECONNREFUSED 127.0.0.1:8881\n\n-----------------------------------------------------------\n\nThe request we sent was:\n\nMethod: POST\nURL: http://127.0.0.1:8881/Prod_200_AppManagerWildFly21/gateway/transaction\n\n-----------------------------------------------------------\n\nCommon situations why this would fail:\n  - you don't have internet access\n  - you forgot to run / boot your web server\n  - your web server isn't accessible\n  - you have weird network configuration settings on your computer\n\nhttps://on.cypress.io/request\n    at <unknown> (http://localhost:57707/__cypress/runner/cypress_runner.js:136280:70)\n    at tryCatcher (http://localhost:57707/__cypress/runner/cypress_runner.js:1777:23)\n    at <unknown> (http://localhost:57707/__cypress/runner/cypress_runner.js:4173:37)\n    at tryCatcher (http://localhost:57707/__cypress/runner/cypress_runner.js:1777:23)\n    at Promise._settlePromiseFromHandler (http://localhost:57707/__cypress/runner/cypress_runner.js:1489:31)\n    at Promise._settlePromise (http://localhost:57707/__cypress/runner/cypress_runner.js:1546:18)\n    at Promise._settlePromise0 (http://localhost:57707/__cypress/runner/cypress_runner.js:1591:10)\n    at Promise._settlePromises (http://localhost:57707/__cypress/runner/cypress_runner.js:1667:18)\n    at _drainQueueStep (http://localhost:57707/__cypress/runner/cypress_runner.js:2377:12)\n    at _drainQueue (http://localhost:57707/__cypress/runner/cypress_runner.js:2370:9)\n    at Async._drainQueues (http://localhost:57707/__cypress/runner/cypress_runner.js:2386:5)\n    at Async.drainQueues (http://localhost:57707/__cypress/runner/cypress_runner.js:2256:14)\nFrom Your Spec Code:\n    at Context.eval (webpack://cypess-api-test/./cypress/e2e/API-TEST/INTERNET_BUNDLE/compte_moov_folie.cy.js:413:15)\n\nFrom Node.js Internals:\n  RequestError: Error: connect ECONNREFUSED 127.0.0.1:8881\n      at new r (<embedded>:227:402397)\n      at ee.callback (<embedded>:227:408398)\n      at e.callback.s.callback [as _callback] (<embedded>:227:407844)\n      at s._callback.s.callback.s.callback (<embedded>:290:107368)\n      at ee.emit (node:events:518:28)\n      at ee.onRequestError (<embedded>:290:116310)\n      at ClientRequest.emit (node:events:530:35)\n      at emitErrorEvent (node:_http_client:104:11)\n      at Socket.socketErrorListener (node:_http_client:518:5)\n      at Socket.emit (node:events:518:28)\n      at emitErrorNT (node:internal/streams/destroy:170:8)\n      at emitErrorCloseNT (node:internal/streams/destroy:129:3)\n      at process.processTicksAndRejections (node:internal/process/task_queues:90:21)",
                    "diff": null
                  },
                  "uuid": "f55082e1-7ff0-4577-9c13-05c6d6f008ea",
                  "parentUUID": "76b52cee-740d-447a-90a0-e034a2d240de",
                  "isHook": false,
                  "skipped": false
                }
              ],
              "suites": [],
              "passes": [],
              "failures": [
                "3ac959e1-d9ac-47da-bda8-81427fa09fc0",
                "771feb37-0325-4b4f-91ee-7fdb3e4aea98",
                "55598c8e-8861-4bc0-a127-814b74117fab",
                "2d91ab93-1f38-48fa-8d0d-d2990c14fc46",
                "76bff138-07b5-4d61-bca9-d3b629f24724",
                "4e5131b5-27ac-49ed-a75d-f6f42735535e",
                "22a1e75a-7e8e-4415-886f-c1116e04b75a",
                "f55082e1-7ff0-4577-9c13-05c6d6f008ea"
              ],
              "pending": [],
              "skipped": [],
              "duration": 5699,
              "root": false,
              "rootEmpty": false,
              "_timeout": 2000
            }
          ],
          "passes": [],
          "failures": [],
          "pending": [],
          "skipped": [],
          "duration": 0,
          "root": false,
          "rootEmpty": false,
          "_timeout": 2000
        }
      ],
      "passes": [],
      "failures": [],
      "pending": [],
      "skipped": [],
      "duration": 0,
      "root": true,
      "rootEmpty": true,
      "_timeout": 2000
    }
  ],
  "meta": {
    "mocha": {
      "version": "7.2.0"
    },
    "mochawesome": {
      "options": {
        "quiet": false,
        "reportFilename": "mochawesome",
        "saveHtml": false,
        "saveJson": true,
        "consoleReporter": "spec",
        "useInlineDiffs": false,
        "code": true
      },
      "version": "7.1.3"
    },
    "marge": {
      "options": {
        "overwrite": false,
        "html": false,
        "json": true
      },
      "version": "6.2.0"
    }
  }
}