{
  "stats": {
    "suites": 3,
    "tests": 10,
    "passes": 10,
    "pending": 0,
    "failures": 0,
    "start": "2025-09-05T11:12:18.888Z",
    "end": "2025-09-05T11:12:20.673Z",
    "duration": 1785,
    "testsRegistered": 10,
    "passPercent": 100,
    "pendingPercent": 0,
    "other": 0,
    "hasOther": false,
    "skipped": 0,
    "hasSkipped": false
  },
  "results": [
    {
      "uuid": "47f08664-3e4f-4674-883f-c427bf042697",
      "title": "",
      "fullFile": "cypress\\e2e\\API-TEST\\INTERNET_BUNDLE\\izy_heures_plus.cy.js",
      "file": "cypress\\e2e\\API-TEST\\INTERNET_BUNDLE\\izy_heures_plus.cy.js",
      "beforeHooks": [],
      "afterHooks": [],
      "tests": [],
      "suites": [
        {
          "uuid": "16b5d332-958b-4fe3-a2a1-f25110b4f025",
          "title": "IZY HEURES PLUS API Tests",
          "fullFile": "",
          "file": "",
          "beforeHooks": [],
          "afterHooks": [],
          "tests": [],
          "suites": [
            {
              "uuid": "36470ab4-2cb2-47c3-b9bd-77fe0b96daf1",
              "title": "Successful IZY HEURES PLUS",
              "fullFile": "",
              "file": "",
              "beforeHooks": [],
              "afterHooks": [],
              "tests": [
                {
                  "title": "should process IZY HEURES PLUS for self and return success response",
                  "fullTitle": "IZY HEURES PLUS API Tests Successful IZY HEURES PLUS should process IZY HEURES PLUS for self and return success response",
                  "timedOut": null,
                  "duration": 292,
                  "state": "passed",
                  "speed": "fast",
                  "pass": true,
                  "fail": false,
                  "pending": false,
                  "context": null,
                  "code": "cy.request({\n  method: 'POST',\n  url: validEndpoint,\n  body: requestBodyforSelf,\n  headers: {\n    'Content-Type': 'application/json'\n  }\n}).then(response => {\n  // Validate response status\n  expect(response.status).to.equal(200);\n  expect(response.body).to.be.jsonSchema(responseSchema);\n  // Validate response values\n  expect(response.body['command-id']).to.equal('BILL');\n  expect(response.body['request-id']).to.equal(randomId);\n  expect(response.body.status).to.equal(0);\n  expect(response.body['trans-id']).to.match(/^BILL\\d{6}\\.\\d{4}\\.R\\d{5}$/);\n  expect(response.body.message).to.contains('Débit de');\n});",
                  "err": {},
                  "uuid": "953353c1-0c11-4b74-bba2-b42f8c277b99",
                  "parentUUID": "36470ab4-2cb2-47c3-b9bd-77fe0b96daf1",
                  "isHook": false,
                  "skipped": false
                },
                {
                  "title": "should process IZY HEURES PLUS for others and return success response",
                  "fullTitle": "IZY HEURES PLUS API Tests Successful IZY HEURES PLUS should process IZY HEURES PLUS for others and return success response",
                  "timedOut": null,
                  "duration": 208,
                  "state": "passed",
                  "speed": "fast",
                  "pass": true,
                  "fail": false,
                  "pending": false,
                  "context": null,
                  "code": "cy.request({\n  method: 'POST',\n  url: validEndpoint,\n  body: requestBodyforOthers,\n  headers: {\n    'Content-Type': 'application/json'\n  }\n}).then(response => {\n  // Validate response status\n  expect(response.status).to.equal(200);\n  expect(response.body).to.be.jsonSchema(responseSchema);\n  // Validate response values\n  expect(response.body['command-id']).to.equal('BILL');\n  expect(response.body['request-id']).to.equal(randomId);\n  expect(response.body.status).to.equal(0);\n  expect(response.body['trans-id']).to.match(/^BILL\\d{6}\\.\\d{4}\\.R\\d{5}$/);\n  expect(response.body.message).to.contains('Débit de');\n});",
                  "err": {},
                  "uuid": "756702da-7eb3-4208-a05e-507a56a4b852",
                  "parentUUID": "36470ab4-2cb2-47c3-b9bd-77fe0b96daf1",
                  "isHook": false,
                  "skipped": false
                }
              ],
              "suites": [],
              "passes": [
                "953353c1-0c11-4b74-bba2-b42f8c277b99",
                "756702da-7eb3-4208-a05e-507a56a4b852"
              ],
              "failures": [],
              "pending": [],
              "skipped": [],
              "duration": 500,
              "root": false,
              "rootEmpty": false,
              "_timeout": 2000
            },
            {
              "uuid": "80d1997d-acf7-434a-a08a-bb0c5663cb58",
              "title": "Failed response",
              "fullFile": "",
              "file": "",
              "beforeHooks": [],
              "afterHooks": [],
              "tests": [
                {
                  "title": "should return 404 for invalid endpoint",
                  "fullTitle": "IZY HEURES PLUS API Tests Failed response should return 404 for invalid endpoint",
                  "timedOut": null,
                  "duration": 126,
                  "state": "passed",
                  "speed": "fast",
                  "pass": true,
                  "fail": false,
                  "pending": false,
                  "context": null,
                  "code": "cy.request({\n  method: 'POST',\n  url: invalidEndpoint,\n  body: requestBodyforSelf,\n  headers: {\n    'Content-Type': 'application/json'\n  },\n  failOnStatusCode: false\n}).then(response => {\n  // Verify Not Found response\n  expect(response.status).to.equal(404);\n});",
                  "err": {},
                  "uuid": "df182cbc-e34d-43e0-85fd-b6e91bd3062e",
                  "parentUUID": "80d1997d-acf7-434a-a08a-bb0c5663cb58",
                  "isHook": false,
                  "skipped": false
                },
                {
                  "title": "should return 404 for invalid endpoint",
                  "fullTitle": "IZY HEURES PLUS API Tests Failed response should return 404 for invalid endpoint",
                  "timedOut": null,
                  "duration": 122,
                  "state": "passed",
                  "speed": "fast",
                  "pass": true,
                  "fail": false,
                  "pending": false,
                  "context": null,
                  "code": "cy.request({\n  method: 'POST',\n  url: invalidEndpoint,\n  body: requestBodyforOthers,\n  headers: {\n    'Content-Type': 'application/json'\n  },\n  failOnStatusCode: false\n}).then(response => {\n  // Verify Not Found response\n  expect(response.status).to.equal(404);\n});",
                  "err": {},
                  "uuid": "20f7745e-9bb6-4db7-a6af-f0ee2256590d",
                  "parentUUID": "80d1997d-acf7-434a-a08a-bb0c5663cb58",
                  "isHook": false,
                  "skipped": false
                },
                {
                  "title": "should return invalid PIN message (SELF)",
                  "fullTitle": "IZY HEURES PLUS API Tests Failed response should return invalid PIN message (SELF)",
                  "timedOut": null,
                  "duration": 155,
                  "state": "passed",
                  "speed": "fast",
                  "pass": true,
                  "fail": false,
                  "pending": false,
                  "context": null,
                  "code": "cy.request({\n  method: 'POST',\n  url: validEndpoint,\n  body: invalidPINBodySELF,\n  headers: {\n    'Content-Type': 'application/json'\n  },\n  failOnStatusCode: false\n}).then(response => {\n  expect(response.status).to.equal(200);\n  expect(response.body).to.be.jsonSchema(responseSchema);\n  expect(response.body['command-id']).to.equal('BILL');\n  expect(response.body['request-id']).to.equal(randomId);\n  expect(response.body.status).to.equal(8);\n  expect(response.body['trans-id']).to.match(/^BILL\\d{6}\\.\\d{4}\\.R\\d{5}$/);\n  invalidPINmessage.forEach(part => {\n    expect(response.body.message).to.include(part);\n  });\n});",
                  "err": {},
                  "uuid": "7952c5e3-59af-4825-bb6c-72ffb59d949e",
                  "parentUUID": "80d1997d-acf7-434a-a08a-bb0c5663cb58",
                  "isHook": false,
                  "skipped": false
                },
                {
                  "title": "should return invalid PIN message (OTHERS)",
                  "fullTitle": "IZY HEURES PLUS API Tests Failed response should return invalid PIN message (OTHERS)",
                  "timedOut": null,
                  "duration": 133,
                  "state": "passed",
                  "speed": "fast",
                  "pass": true,
                  "fail": false,
                  "pending": false,
                  "context": null,
                  "code": "cy.request({\n  method: 'POST',\n  url: validEndpoint,\n  body: invalidPINBodyOTHERS,\n  headers: {\n    'Content-Type': 'application/json'\n  },\n  failOnStatusCode: false\n}).then(response => {\n  expect(response.status).to.equal(200);\n  expect(response.body).to.be.jsonSchema(responseSchema);\n  expect(response.body['command-id']).to.equal('BILL');\n  expect(response.body['request-id']).to.equal(randomId);\n  expect(response.body.status).to.equal(8);\n  expect(response.body['trans-id']).to.match(/^BILL\\d{6}\\.\\d{4}\\.R\\d{5}$/);\n  invalidPINmessage.forEach(part => {\n    expect(response.body.message).to.include(part);\n  });\n});",
                  "err": {},
                  "uuid": "0020ea1b-975c-47a9-b045-496595a47ad4",
                  "parentUUID": "80d1997d-acf7-434a-a08a-bb0c5663cb58",
                  "isHook": false,
                  "skipped": false
                },
                {
                  "title": "should return not authorized destination number message (SELF)",
                  "fullTitle": "IZY HEURES PLUS API Tests Failed response should return not authorized destination number message (SELF)",
                  "timedOut": null,
                  "duration": 158,
                  "state": "passed",
                  "speed": "fast",
                  "pass": true,
                  "fail": false,
                  "pending": false,
                  "context": null,
                  "code": "cy.request({\n  method: 'POST',\n  url: validEndpoint,\n  body: notAuthorizedNumberBodySELF,\n  headers: {\n    'Content-Type': 'application/json'\n  },\n  failOnStatusCode: false\n}).then(response => {\n  expect(response.status).to.equal(200);\n  expect(response.body).to.be.jsonSchema(responseSchema);\n  expect(response.body['command-id']).to.equal('BILL');\n  expect(response.body['request-id']).to.equal(randomId);\n  expect(response.body.status).to.equal(51);\n  expect(response.body['trans-id']).to.match(/^BILL\\d{6}\\.\\d{4}\\.R\\d{5}$/);\n  notAuthorizedNumMESSAGE.forEach(part => {\n    expect(response.body.message).to.include(part);\n  });\n});",
                  "err": {},
                  "uuid": "17a0cff6-95fa-4505-a768-3aa95988cbae",
                  "parentUUID": "80d1997d-acf7-434a-a08a-bb0c5663cb58",
                  "isHook": false,
                  "skipped": false
                },
                {
                  "title": "should return not authorized destination number message (OTHERS)",
                  "fullTitle": "IZY HEURES PLUS API Tests Failed response should return not authorized destination number message (OTHERS)",
                  "timedOut": null,
                  "duration": 119,
                  "state": "passed",
                  "speed": "fast",
                  "pass": true,
                  "fail": false,
                  "pending": false,
                  "context": null,
                  "code": "cy.request({\n  method: 'POST',\n  url: validEndpoint,\n  body: notAuthorizedNumberBodyOTHERS,\n  headers: {\n    'Content-Type': 'application/json'\n  },\n  failOnStatusCode: false\n}).then(response => {\n  expect(response.status).to.equal(200);\n  expect(response.body).to.be.jsonSchema(responseSchema);\n  expect(response.body['command-id']).to.equal('BILL');\n  expect(response.body['request-id']).to.equal(randomId);\n  expect(response.body.status).to.equal(51);\n  expect(response.body['trans-id']).to.match(/^BILL\\d{6}\\.\\d{4}\\.R\\d{5}$/);\n  notAuthorizedNumMESSAGE.forEach(part => {\n    expect(response.body.message).to.include(part);\n  });\n});",
                  "err": {},
                  "uuid": "8601fcd8-0352-4369-8bb7-a7d36e837516",
                  "parentUUID": "80d1997d-acf7-434a-a08a-bb0c5663cb58",
                  "isHook": false,
                  "skipped": false
                },
                {
                  "title": "should return not authorized sender number message (SELF)",
                  "fullTitle": "IZY HEURES PLUS API Tests Failed response should return not authorized sender number message (SELF)",
                  "timedOut": null,
                  "duration": 142,
                  "state": "passed",
                  "speed": "fast",
                  "pass": true,
                  "fail": false,
                  "pending": false,
                  "context": null,
                  "code": "cy.request({\n  method: 'POST',\n  url: validEndpoint,\n  body: notAuthorizedSenderNumBodySELF,\n  headers: {\n    'Content-Type': 'application/json'\n  },\n  failOnStatusCode: false\n}).then(response => {\n  expect(response.status).to.equal(200);\n  expect(response.body).to.be.jsonSchema(responseSchema);\n  expect(response.body['command-id']).to.equal('BILL');\n  expect(response.body['request-id']).to.equal(randomId);\n  expect(response.body.status).to.equal(4);\n  expect(response.body['trans-id']).to.match(/^BILL\\d{6}\\.\\d{4}\\.R\\d{5}$/);\n  notAuthorizedSenderNumMESSAGE.forEach(part => {\n    expect(response.body.message).to.include(part);\n  });\n});",
                  "err": {},
                  "uuid": "21e5eb47-28c0-4ce4-9f54-e8997496c828",
                  "parentUUID": "80d1997d-acf7-434a-a08a-bb0c5663cb58",
                  "isHook": false,
                  "skipped": false
                },
                {
                  "title": "should return not authorized sender number message (OTHERS)",
                  "fullTitle": "IZY HEURES PLUS API Tests Failed response should return not authorized sender number message (OTHERS)",
                  "timedOut": null,
                  "duration": 124,
                  "state": "passed",
                  "speed": "fast",
                  "pass": true,
                  "fail": false,
                  "pending": false,
                  "context": null,
                  "code": "cy.request({\n  method: 'POST',\n  url: validEndpoint,\n  body: notAuthorizedSenderNumBodyOTHERS,\n  headers: {\n    'Content-Type': 'application/json'\n  },\n  failOnStatusCode: false\n}).then(response => {\n  expect(response.status).to.equal(200);\n  expect(response.body).to.be.jsonSchema(responseSchema);\n  expect(response.body['command-id']).to.equal('BILL');\n  expect(response.body['request-id']).to.equal(randomId);\n  expect(response.body.status).to.equal(4);\n  expect(response.body['trans-id']).to.match(/^BILL\\d{6}\\.\\d{4}\\.R\\d{5}$/);\n  notAuthorizedSenderNumMESSAGE.forEach(part => {\n    expect(response.body.message).to.include(part);\n  });\n});",
                  "err": {},
                  "uuid": "aa1eab8f-6972-4e9d-8bf3-966c97e244d3",
                  "parentUUID": "80d1997d-acf7-434a-a08a-bb0c5663cb58",
                  "isHook": false,
                  "skipped": false
                }
              ],
              "suites": [],
              "passes": [
                "df182cbc-e34d-43e0-85fd-b6e91bd3062e",
                "20f7745e-9bb6-4db7-a6af-f0ee2256590d",
                "7952c5e3-59af-4825-bb6c-72ffb59d949e",
                "0020ea1b-975c-47a9-b045-496595a47ad4",
                "17a0cff6-95fa-4505-a768-3aa95988cbae",
                "8601fcd8-0352-4369-8bb7-a7d36e837516",
                "21e5eb47-28c0-4ce4-9f54-e8997496c828",
                "aa1eab8f-6972-4e9d-8bf3-966c97e244d3"
              ],
              "failures": [],
              "pending": [],
              "skipped": [],
              "duration": 1079,
              "root": false,
              "rootEmpty": false,
              "_timeout": 2000
            }
          ],
          "passes": [],
          "failures": [],
          "pending": [],
          "skipped": [],
          "duration": 0,
          "root": false,
          "rootEmpty": false,
          "_timeout": 2000
        }
      ],
      "passes": [],
      "failures": [],
      "pending": [],
      "skipped": [],
      "duration": 0,
      "root": true,
      "rootEmpty": true,
      "_timeout": 2000
    }
  ],
  "meta": {
    "mocha": {
      "version": "7.2.0"
    },
    "mochawesome": {
      "options": {
        "quiet": false,
        "reportFilename": "mochawesome",
        "saveHtml": false,
        "saveJson": true,
        "consoleReporter": "spec",
        "useInlineDiffs": false,
        "code": true
      },
      "version": "7.1.3"
    },
    "marge": {
      "options": {
        "overwrite": false,
        "html": false,
        "json": true
      },
      "version": "6.2.0"
    }
  }
}