{
  "stats": {
    "suites": 3,
    "tests": 10,
    "passes": 10,
    "pending": 0,
    "failures": 0,
    "start": "2025-09-05T08:12:10.849Z",
    "end": "2025-09-05T08:12:19.921Z",
    "duration": 9072,
    "testsRegistered": 10,
    "passPercent": 100,
    "pendingPercent": 0,
    "other": 0,
    "hasOther": false,
    "skipped": 0,
    "hasSkipped": false
  },
  "results": [
    {
      "uuid": "1121705c-c259-4cae-a29e-ca01b8e28ec4",
      "title": "",
      "fullFile": "cypress\\e2e\\API-TEST\\INTERNET_BUNDLE\\compte_moov_folie.cy.js",
      "file": "cypress\\e2e\\API-TEST\\INTERNET_BUNDLE\\compte_moov_folie.cy.js",
      "beforeHooks": [],
      "afterHooks": [],
      "tests": [],
      "suites": [
        {
          "uuid": "bb03e6a6-d144-4bfa-a289-c4d907c35860",
          "title": "COMPTE MOOV FOLIE API Tests",
          "fullFile": "",
          "file": "",
          "beforeHooks": [],
          "afterHooks": [],
          "tests": [],
          "suites": [
            {
              "uuid": "f30c6c0b-6e5d-4964-b861-c101f74a22ee",
              "title": "Successful COMPTE MOOV FOLIE",
              "fullFile": "",
              "file": "",
              "beforeHooks": [],
              "afterHooks": [],
              "tests": [
                {
                  "title": "should process COMPTE MOOV FOLIE for self and return success response",
                  "fullTitle": "COMPTE MOOV FOLIE API Tests Successful COMPTE MOOV FOLIE should process COMPTE MOOV FOLIE for self and return success response",
                  "timedOut": null,
                  "duration": 464,
                  "state": "passed",
                  "speed": "fast",
                  "pass": true,
                  "fail": false,
                  "pending": false,
                  "context": null,
                  "code": "cy.request({\n  method: 'POST',\n  url: validEndpoint,\n  body: requestBodyforSelf,\n  headers: {\n    'Content-Type': 'application/json'\n  }\n}).then(response => {\n  // Validate response status\n  expect(response.status).to.equal(200);\n  expect(response.body).to.be.jsonSchema(responseSchema);\n  // Validate response values\n  expect(response.body['command-id']).to.equal('BILLF');\n  expect(response.body['request-id']).to.equal(randomId);\n  expect(response.body.status).to.equal(0);\n  expect(response.body['trans-id']).to.match(/^BILLF\\d{6}\\.\\d{4}\\.R\\d{5}$/);\n  expect(response.body.message).to.contains('Débit de');\n});",
                  "err": {},
                  "uuid": "f52b7615-bb68-4a14-9121-c47c8af54a43",
                  "parentUUID": "f30c6c0b-6e5d-4964-b861-c101f74a22ee",
                  "isHook": false,
                  "skipped": false
                },
                {
                  "title": "should process COMPTE MOOV FOLIE for others and return success response",
                  "fullTitle": "COMPTE MOOV FOLIE API Tests Successful COMPTE MOOV FOLIE should process COMPTE MOOV FOLIE for others and return success response",
                  "timedOut": null,
                  "duration": 6228,
                  "state": "passed",
                  "speed": "medium",
                  "pass": true,
                  "fail": false,
                  "pending": false,
                  "context": null,
                  "code": "cy.request({\n  method: 'POST',\n  url: validEndpoint,\n  body: requestBodyforOthers,\n  headers: {\n    'Content-Type': 'application/json'\n  }\n}).then(response => {\n  // Validate response status\n  expect(response.status).to.equal(200);\n  expect(response.body).to.be.jsonSchema(responseSchema);\n  // Validate response values\n  expect(response.body['command-id']).to.equal('BILLF');\n  expect(response.body['request-id']).to.equal(randomId);\n  expect(response.body.status).to.equal(0);\n  expect(response.body['trans-id']).to.match(/^BILLF\\d{6}\\.\\d{4}\\.R\\d{5}$/);\n  expect(response.body.message).to.contains('Débit de');\n});",
                  "err": {},
                  "uuid": "f03ec357-9ca6-4a3e-8b5a-69d9a70240d3",
                  "parentUUID": "f30c6c0b-6e5d-4964-b861-c101f74a22ee",
                  "isHook": false,
                  "skipped": false
                }
              ],
              "suites": [],
              "passes": [
                "f52b7615-bb68-4a14-9121-c47c8af54a43",
                "f03ec357-9ca6-4a3e-8b5a-69d9a70240d3"
              ],
              "failures": [],
              "pending": [],
              "skipped": [],
              "duration": 6692,
              "root": false,
              "rootEmpty": false,
              "_timeout": 2000
            },
            {
              "uuid": "0a630858-b78f-45b3-8151-2f6c4138e934",
              "title": "Failed response",
              "fullFile": "",
              "file": "",
              "beforeHooks": [],
              "afterHooks": [],
              "tests": [
                {
                  "title": "should return 404 for invalid endpoint",
                  "fullTitle": "COMPTE MOOV FOLIE API Tests Failed response should return 404 for invalid endpoint",
                  "timedOut": null,
                  "duration": 247,
                  "state": "passed",
                  "speed": "fast",
                  "pass": true,
                  "fail": false,
                  "pending": false,
                  "context": null,
                  "code": "cy.request({\n  method: 'POST',\n  url: invalidEndpoint,\n  body: requestBodyforSelf,\n  headers: {\n    'Content-Type': 'application/json'\n  },\n  failOnStatusCode: false\n}).then(response => {\n  // Verify Not Found response\n  expect(response.status).to.equal(404);\n});",
                  "err": {},
                  "uuid": "4453c845-fd34-4c77-b129-f79cc5795888",
                  "parentUUID": "0a630858-b78f-45b3-8151-2f6c4138e934",
                  "isHook": false,
                  "skipped": false
                },
                {
                  "title": "should return 404 for invalid endpoint",
                  "fullTitle": "COMPTE MOOV FOLIE API Tests Failed response should return 404 for invalid endpoint",
                  "timedOut": null,
                  "duration": 352,
                  "state": "passed",
                  "speed": "fast",
                  "pass": true,
                  "fail": false,
                  "pending": false,
                  "context": null,
                  "code": "cy.request({\n  method: 'POST',\n  url: invalidEndpoint,\n  body: requestBodyforOthers,\n  headers: {\n    'Content-Type': 'application/json'\n  },\n  failOnStatusCode: false\n}).then(response => {\n  // Verify Not Found response\n  expect(response.status).to.equal(404);\n});",
                  "err": {},
                  "uuid": "22c701c5-0cc2-484c-8b80-755b8523c21e",
                  "parentUUID": "0a630858-b78f-45b3-8151-2f6c4138e934",
                  "isHook": false,
                  "skipped": false
                },
                {
                  "title": "should return invalid PIN message (SELF)",
                  "fullTitle": "COMPTE MOOV FOLIE API Tests Failed response should return invalid PIN message (SELF)",
                  "timedOut": null,
                  "duration": 129,
                  "state": "passed",
                  "speed": "fast",
                  "pass": true,
                  "fail": false,
                  "pending": false,
                  "context": null,
                  "code": "cy.request({\n  method: 'POST',\n  url: validEndpoint,\n  body: invalidPINBodySELF,\n  headers: {\n    'Content-Type': 'application/json'\n  },\n  failOnStatusCode: false\n}).then(response => {\n  expect(response.status).to.equal(200);\n  expect(response.body).to.be.jsonSchema(responseSchema);\n  expect(response.body['command-id']).to.equal('BILLF');\n  expect(response.body['request-id']).to.equal(randomId);\n  expect(response.body.status).to.equal(8);\n  expect(response.body['trans-id']).to.match(/^BILLF\\d{6}\\.\\d{4}\\.R\\d{5}$/);\n  invalidPINmessage.forEach(part => {\n    expect(response.body.message).to.include(part);\n  });\n});",
                  "err": {},
                  "uuid": "bb154de4-26c3-4b7e-aa29-328cb91dd332",
                  "parentUUID": "0a630858-b78f-45b3-8151-2f6c4138e934",
                  "isHook": false,
                  "skipped": false
                },
                {
                  "title": "should return invalid PIN message (OTHERS)",
                  "fullTitle": "COMPTE MOOV FOLIE API Tests Failed response should return invalid PIN message (OTHERS)",
                  "timedOut": null,
                  "duration": 158,
                  "state": "passed",
                  "speed": "fast",
                  "pass": true,
                  "fail": false,
                  "pending": false,
                  "context": null,
                  "code": "cy.request({\n  method: 'POST',\n  url: validEndpoint,\n  body: invalidPINBodyOTHERS,\n  headers: {\n    'Content-Type': 'application/json'\n  },\n  failOnStatusCode: false\n}).then(response => {\n  expect(response.status).to.equal(200);\n  expect(response.body).to.be.jsonSchema(responseSchema);\n  expect(response.body['command-id']).to.equal('BILLF');\n  expect(response.body['request-id']).to.equal(randomId);\n  expect(response.body.status).to.equal(8);\n  expect(response.body['trans-id']).to.match(/^BILLF\\d{6}\\.\\d{4}\\.R\\d{5}$/);\n  invalidPINmessage.forEach(part => {\n    expect(response.body.message).to.include(part);\n  });\n});",
                  "err": {},
                  "uuid": "e65066c0-32af-4f71-ba6b-830f001e1b81",
                  "parentUUID": "0a630858-b78f-45b3-8151-2f6c4138e934",
                  "isHook": false,
                  "skipped": false
                },
                {
                  "title": "should return not authorized destination number message (SELF)",
                  "fullTitle": "COMPTE MOOV FOLIE API Tests Failed response should return not authorized destination number message (SELF)",
                  "timedOut": null,
                  "duration": 175,
                  "state": "passed",
                  "speed": "fast",
                  "pass": true,
                  "fail": false,
                  "pending": false,
                  "context": null,
                  "code": "cy.request({\n  method: 'POST',\n  url: validEndpoint,\n  body: notAuthorizedNumberBodySELF,\n  headers: {\n    'Content-Type': 'application/json'\n  },\n  failOnStatusCode: false\n}).then(response => {\n  expect(response.status).to.equal(200);\n  expect(response.body).to.be.jsonSchema(responseSchema);\n  expect(response.body['command-id']).to.equal('BILLF');\n  expect(response.body['request-id']).to.equal(randomId);\n  expect(response.body.status).to.equal(51);\n  expect(response.body['trans-id']).to.match(/^BILLF\\d{6}\\.\\d{4}\\.R\\d{5}$/);\n  notAuthorizedNumMESSAGE.forEach(part => {\n    expect(response.body.message).to.include(part);\n  });\n});",
                  "err": {},
                  "uuid": "b066ccd5-4d61-44a4-ade3-77db11b6460e",
                  "parentUUID": "0a630858-b78f-45b3-8151-2f6c4138e934",
                  "isHook": false,
                  "skipped": false
                },
                {
                  "title": "should return not authorized destination number message (OTHERS)",
                  "fullTitle": "COMPTE MOOV FOLIE API Tests Failed response should return not authorized destination number message (OTHERS)",
                  "timedOut": null,
                  "duration": 331,
                  "state": "passed",
                  "speed": "fast",
                  "pass": true,
                  "fail": false,
                  "pending": false,
                  "context": null,
                  "code": "cy.request({\n  method: 'POST',\n  url: validEndpoint,\n  body: notAuthorizedNumberBodyOTHERS,\n  headers: {\n    'Content-Type': 'application/json'\n  },\n  failOnStatusCode: false\n}).then(response => {\n  expect(response.status).to.equal(200);\n  expect(response.body).to.be.jsonSchema(responseSchema);\n  expect(response.body['command-id']).to.equal('BILLF');\n  expect(response.body['request-id']).to.equal(randomId);\n  expect(response.body.status).to.equal(51);\n  expect(response.body['trans-id']).to.match(/^BILLF\\d{6}\\.\\d{4}\\.R\\d{5}$/);\n  notAuthorizedNumMESSAGE.forEach(part => {\n    expect(response.body.message).to.include(part);\n  });\n});",
                  "err": {},
                  "uuid": "8955ca42-1c5a-4bee-89a5-d91e2634caea",
                  "parentUUID": "0a630858-b78f-45b3-8151-2f6c4138e934",
                  "isHook": false,
                  "skipped": false
                },
                {
                  "title": "should return not authorized sender number message (SELF)",
                  "fullTitle": "COMPTE MOOV FOLIE API Tests Failed response should return not authorized sender number message (SELF)",
                  "timedOut": null,
                  "duration": 146,
                  "state": "passed",
                  "speed": "fast",
                  "pass": true,
                  "fail": false,
                  "pending": false,
                  "context": null,
                  "code": "cy.request({\n  method: 'POST',\n  url: validEndpoint,\n  body: notAuthorizedSenderNumBodySELF,\n  headers: {\n    'Content-Type': 'application/json'\n  },\n  failOnStatusCode: false\n}).then(response => {\n  expect(response.status).to.equal(200);\n  expect(response.body).to.be.jsonSchema(responseSchema);\n  expect(response.body['command-id']).to.equal('BILLF');\n  expect(response.body['request-id']).to.equal(randomId);\n  expect(response.body.status).to.equal(4);\n  expect(response.body['trans-id']).to.match(/^BILLF\\d{6}\\.\\d{4}\\.R\\d{5}$/);\n  notAuthorizedSenderNumMESSAGE.forEach(part => {\n    expect(response.body.message).to.include(part);\n  });\n});",
                  "err": {},
                  "uuid": "03c77993-d4d7-4343-9964-002b6f4a7dd1",
                  "parentUUID": "0a630858-b78f-45b3-8151-2f6c4138e934",
                  "isHook": false,
                  "skipped": false
                },
                {
                  "title": "should return not authorized sender number message (OTHERS)",
                  "fullTitle": "COMPTE MOOV FOLIE API Tests Failed response should return not authorized sender number message (OTHERS)",
                  "timedOut": null,
                  "duration": 587,
                  "state": "passed",
                  "speed": "fast",
                  "pass": true,
                  "fail": false,
                  "pending": false,
                  "context": null,
                  "code": "cy.request({\n  method: 'POST',\n  url: validEndpoint,\n  body: notAuthorizedSenderNumBodyOTHERS,\n  headers: {\n    'Content-Type': 'application/json'\n  },\n  failOnStatusCode: false\n}).then(response => {\n  expect(response.status).to.equal(200);\n  expect(response.body).to.be.jsonSchema(responseSchema);\n  expect(response.body['command-id']).to.equal('BILLF');\n  expect(response.body['request-id']).to.equal(randomId);\n  expect(response.body.status).to.equal(4);\n  expect(response.body['trans-id']).to.match(/^BILLF\\d{6}\\.\\d{4}\\.R\\d{5}$/);\n  notAuthorizedSenderNumMESSAGE.forEach(part => {\n    expect(response.body.message).to.include(part);\n  });\n});",
                  "err": {},
                  "uuid": "32463a9f-3b78-4e70-8929-277aa10e54d6",
                  "parentUUID": "0a630858-b78f-45b3-8151-2f6c4138e934",
                  "isHook": false,
                  "skipped": false
                }
              ],
              "suites": [],
              "passes": [
                "4453c845-fd34-4c77-b129-f79cc5795888",
                "22c701c5-0cc2-484c-8b80-755b8523c21e",
                "bb154de4-26c3-4b7e-aa29-328cb91dd332",
                "e65066c0-32af-4f71-ba6b-830f001e1b81",
                "b066ccd5-4d61-44a4-ade3-77db11b6460e",
                "8955ca42-1c5a-4bee-89a5-d91e2634caea",
                "03c77993-d4d7-4343-9964-002b6f4a7dd1",
                "32463a9f-3b78-4e70-8929-277aa10e54d6"
              ],
              "failures": [],
              "pending": [],
              "skipped": [],
              "duration": 2125,
              "root": false,
              "rootEmpty": false,
              "_timeout": 2000
            }
          ],
          "passes": [],
          "failures": [],
          "pending": [],
          "skipped": [],
          "duration": 0,
          "root": false,
          "rootEmpty": false,
          "_timeout": 2000
        }
      ],
      "passes": [],
      "failures": [],
      "pending": [],
      "skipped": [],
      "duration": 0,
      "root": true,
      "rootEmpty": true,
      "_timeout": 2000
    }
  ],
  "meta": {
    "mocha": {
      "version": "7.2.0"
    },
    "mochawesome": {
      "options": {
        "quiet": false,
        "reportFilename": "mochawesome",
        "saveHtml": false,
        "saveJson": true,
        "consoleReporter": "spec",
        "useInlineDiffs": false,
        "code": true
      },
      "version": "7.1.3"
    },
    "marge": {
      "options": {
        "overwrite": false,
        "html": false,
        "json": true
      },
      "version": "6.2.0"
    }
  }
}