{
  "stats": {
    "suites": 3,
    "tests": 5,
    "passes": 0,
    "pending": 0,
    "failures": 5,
    "start": "2025-09-04T17:23:38.279Z",
    "end": "2025-09-04T17:23:41.993Z",
    "duration": 3714,
    "testsRegistered": 5,
    "passPercent": 0,
    "pendingPercent": 0,
    "other": 0,
    "hasOther": false,
    "skipped": 0,
    "hasSkipped": false
  },
  "results": [
    {
      "uuid": "d18e9df8-383e-4007-9dcf-d8353ef657bc",
      "title": "",
      "fullFile": "cypress\\e2e\\API-TEST\\INTERNAL_TRANSACTION\\cash_on-net.cy.js",
      "file": "cypress\\e2e\\API-TEST\\INTERNAL_TRANSACTION\\cash_on-net.cy.js",
      "beforeHooks": [],
      "afterHooks": [],
      "tests": [],
      "suites": [
        {
          "uuid": "83f6cd93-9d60-4d17-9211-6449ff96a2ea",
          "title": "ON NET Cash Transfer API Tests",
          "fullFile": "",
          "file": "",
          "beforeHooks": [],
          "afterHooks": [],
          "tests": [],
          "suites": [
            {
              "uuid": "ab711279-deb1-448e-9f2c-8237bea6f382",
              "title": "Successful ON Cash Transfer",
              "fullFile": "",
              "file": "",
              "beforeHooks": [],
              "afterHooks": [],
              "tests": [
                {
                  "title": "should process on net cash transfer and return success response",
                  "fullTitle": "ON NET Cash Transfer API Tests Successful ON Cash Transfer should process on net cash transfer and return success response",
                  "timedOut": null,
                  "duration": 746,
                  "state": "failed",
                  "speed": null,
                  "pass": false,
                  "fail": true,
                  "pending": false,
                  "context": null,
                  "code": "cy.request({\n  method: 'POST',\n  url: validEndpoint,\n  body: requestBody,\n  headers: {\n    'Content-Type': 'application/json'\n  }\n}).then(response => {\n  // Validate response status\n  expect(response.status).to.equal(200);\n  // Validate response structure\n  const responseSchema = {\n    title: 'Cash Transfer Response Schema',\n    type: 'object',\n    required: ['command-id', 'trans-id', 'request-id', 'status', 'message'],\n    properties: {\n      'command-id': {\n        type: 'string'\n      },\n      'trans-id': {\n        type: 'string'\n      },\n      'request-id': {\n        type: 'string'\n      },\n      'status': {\n        type: 'integer'\n      },\n      'message': {\n        type: 'string'\n      }\n    }\n  };\n  expect(response.body).to.be.jsonSchema(responseSchema);\n  // Validate response values\n  expect(response.body['command-id']).to.equal('CASH');\n  expect(response.body['request-id']).to.equal(randomId);\n  expect(response.body.status).to.equal(0);\n  expect(response.body['trans-id']).to.match(/^CASH\\d{6}\\.\\d{4}\\.R\\d{5}$/);\n  expect(response.body.message).to.contains('Vous avez transfere');\n});",
                  "err": {
                    "message": "CypressError: `cy.request()` failed trying to load:\n\nhttp://127.0.0.1:8881/Prod_200_AppManagerWildFly21/gateway/transaction\n\nWe attempted to make an http request to this URL but the request failed without a response.\n\nWe received this error at the network level:\n\n  > Error: connect ECONNREFUSED 127.0.0.1:8881\n\n-----------------------------------------------------------\n\nThe request we sent was:\n\nMethod: POST\nURL: http://127.0.0.1:8881/Prod_200_AppManagerWildFly21/gateway/transaction\n\n-----------------------------------------------------------\n\nCommon situations why this would fail:\n  - you don't have internet access\n  - you forgot to run / boot your web server\n  - your web server isn't accessible\n  - you have weird network configuration settings on your computer\n\nhttps://on.cypress.io/request",
                    "estack": "CypressError: `cy.request()` failed trying to load:\n\nhttp://127.0.0.1:8881/Prod_200_AppManagerWildFly21/gateway/transaction\n\nWe attempted to make an http request to this URL but the request failed without a response.\n\nWe received this error at the network level:\n\n  > Error: connect ECONNREFUSED 127.0.0.1:8881\n\n-----------------------------------------------------------\n\nThe request we sent was:\n\nMethod: POST\nURL: http://127.0.0.1:8881/Prod_200_AppManagerWildFly21/gateway/transaction\n\n-----------------------------------------------------------\n\nCommon situations why this would fail:\n  - you don't have internet access\n  - you forgot to run / boot your web server\n  - your web server isn't accessible\n  - you have weird network configuration settings on your computer\n\nhttps://on.cypress.io/request\n    at <unknown> (http://localhost:57707/__cypress/runner/cypress_runner.js:136280:70)\n    at tryCatcher (http://localhost:57707/__cypress/runner/cypress_runner.js:1777:23)\n    at <unknown> (http://localhost:57707/__cypress/runner/cypress_runner.js:4173:37)\n    at tryCatcher (http://localhost:57707/__cypress/runner/cypress_runner.js:1777:23)\n    at Promise._settlePromiseFromHandler (http://localhost:57707/__cypress/runner/cypress_runner.js:1489:31)\n    at Promise._settlePromise (http://localhost:57707/__cypress/runner/cypress_runner.js:1546:18)\n    at Promise._settlePromise0 (http://localhost:57707/__cypress/runner/cypress_runner.js:1591:10)\n    at Promise._settlePromises (http://localhost:57707/__cypress/runner/cypress_runner.js:1667:18)\n    at _drainQueueStep (http://localhost:57707/__cypress/runner/cypress_runner.js:2377:12)\n    at _drainQueue (http://localhost:57707/__cypress/runner/cypress_runner.js:2370:9)\n    at Async._drainQueues (http://localhost:57707/__cypress/runner/cypress_runner.js:2386:5)\n    at Async.drainQueues (http://localhost:57707/__cypress/runner/cypress_runner.js:2256:14)\nFrom Your Spec Code:\n    at Context.eval (webpack://cypess-api-test/./cypress/e2e/API-TEST/INTERNAL_TRANSACTION/cash_on-net.cy.js:27:15)\n\nFrom Node.js Internals:\n  RequestError: Error: connect ECONNREFUSED 127.0.0.1:8881\n      at new r (<embedded>:227:402397)\n      at ee.callback (<embedded>:227:408398)\n      at e.callback.s.callback [as _callback] (<embedded>:227:407844)\n      at s._callback.s.callback.s.callback (<embedded>:290:107368)\n      at ee.emit (node:events:518:28)\n      at ee.onRequestError (<embedded>:290:116310)\n      at ClientRequest.emit (node:events:530:35)\n      at emitErrorEvent (node:_http_client:104:11)\n      at Socket.socketErrorListener (node:_http_client:518:5)\n      at Socket.emit (node:events:518:28)\n      at emitErrorNT (node:internal/streams/destroy:170:8)\n      at emitErrorCloseNT (node:internal/streams/destroy:129:3)\n      at process.processTicksAndRejections (node:internal/process/task_queues:90:21)",
                    "diff": null
                  },
                  "uuid": "2c4528d1-101b-41f7-9b29-7426838f3f90",
                  "parentUUID": "ab711279-deb1-448e-9f2c-8237bea6f382",
                  "isHook": false,
                  "skipped": false
                }
              ],
              "suites": [],
              "passes": [],
              "failures": [
                "2c4528d1-101b-41f7-9b29-7426838f3f90"
              ],
              "pending": [],
              "skipped": [],
              "duration": 746,
              "root": false,
              "rootEmpty": false,
              "_timeout": 2000
            },
            {
              "uuid": "5c6c6738-699b-4475-af75-cb664890614b",
              "title": "Failed response",
              "fullFile": "",
              "file": "",
              "beforeHooks": [],
              "afterHooks": [],
              "tests": [
                {
                  "title": "should return 404 for invalid endpoint",
                  "fullTitle": "ON NET Cash Transfer API Tests Failed response should return 404 for invalid endpoint",
                  "timedOut": null,
                  "duration": 689,
                  "state": "failed",
                  "speed": null,
                  "pass": false,
                  "fail": true,
                  "pending": false,
                  "context": null,
                  "code": "cy.request({\n  method: 'POST',\n  url: invalidEndpoint,\n  body: requestBody,\n  headers: {\n    'Content-Type': 'application/json'\n  },\n  failOnStatusCode: false\n}).then(response => {\n  // Verify Not Found response\n  expect(response.status).to.equal(404);\n});",
                  "err": {
                    "message": "CypressError: `cy.request()` failed trying to load:\n\nhttp://127.0.0.1:8881/Prod_200_AppManagerWildFly21/gateway\n\nWe attempted to make an http request to this URL but the request failed without a response.\n\nWe received this error at the network level:\n\n  > Error: connect ECONNREFUSED 127.0.0.1:8881\n\n-----------------------------------------------------------\n\nThe request we sent was:\n\nMethod: POST\nURL: http://127.0.0.1:8881/Prod_200_AppManagerWildFly21/gateway\n\n-----------------------------------------------------------\n\nCommon situations why this would fail:\n  - you don't have internet access\n  - you forgot to run / boot your web server\n  - your web server isn't accessible\n  - you have weird network configuration settings on your computer\n\nhttps://on.cypress.io/request",
                    "estack": "CypressError: `cy.request()` failed trying to load:\n\nhttp://127.0.0.1:8881/Prod_200_AppManagerWildFly21/gateway\n\nWe attempted to make an http request to this URL but the request failed without a response.\n\nWe received this error at the network level:\n\n  > Error: connect ECONNREFUSED 127.0.0.1:8881\n\n-----------------------------------------------------------\n\nThe request we sent was:\n\nMethod: POST\nURL: http://127.0.0.1:8881/Prod_200_AppManagerWildFly21/gateway\n\n-----------------------------------------------------------\n\nCommon situations why this would fail:\n  - you don't have internet access\n  - you forgot to run / boot your web server\n  - your web server isn't accessible\n  - you have weird network configuration settings on your computer\n\nhttps://on.cypress.io/request\n    at <unknown> (http://localhost:57707/__cypress/runner/cypress_runner.js:136280:70)\n    at tryCatcher (http://localhost:57707/__cypress/runner/cypress_runner.js:1777:23)\n    at <unknown> (http://localhost:57707/__cypress/runner/cypress_runner.js:4173:37)\n    at tryCatcher (http://localhost:57707/__cypress/runner/cypress_runner.js:1777:23)\n    at Promise._settlePromiseFromHandler (http://localhost:57707/__cypress/runner/cypress_runner.js:1489:31)\n    at Promise._settlePromise (http://localhost:57707/__cypress/runner/cypress_runner.js:1546:18)\n    at Promise._settlePromise0 (http://localhost:57707/__cypress/runner/cypress_runner.js:1591:10)\n    at Promise._settlePromises (http://localhost:57707/__cypress/runner/cypress_runner.js:1667:18)\n    at _drainQueueStep (http://localhost:57707/__cypress/runner/cypress_runner.js:2377:12)\n    at _drainQueue (http://localhost:57707/__cypress/runner/cypress_runner.js:2370:9)\n    at Async._drainQueues (http://localhost:57707/__cypress/runner/cypress_runner.js:2386:5)\n    at Async.drainQueues (http://localhost:57707/__cypress/runner/cypress_runner.js:2256:14)\nFrom Your Spec Code:\n    at Context.eval (webpack://cypess-api-test/./cypress/e2e/API-TEST/INTERNAL_TRANSACTION/cash_on-net.cy.js:66:15)\n\nFrom Node.js Internals:\n  RequestError: Error: connect ECONNREFUSED 127.0.0.1:8881\n      at new r (<embedded>:227:402397)\n      at ee.callback (<embedded>:227:408398)\n      at e.callback.s.callback [as _callback] (<embedded>:227:407844)\n      at s._callback.s.callback.s.callback (<embedded>:290:107368)\n      at ee.emit (node:events:518:28)\n      at ee.onRequestError (<embedded>:290:116310)\n      at ClientRequest.emit (node:events:530:35)\n      at emitErrorEvent (node:_http_client:104:11)\n      at Socket.socketErrorListener (node:_http_client:518:5)\n      at Socket.emit (node:events:518:28)\n      at emitErrorNT (node:internal/streams/destroy:170:8)\n      at emitErrorCloseNT (node:internal/streams/destroy:129:3)\n      at process.processTicksAndRejections (node:internal/process/task_queues:90:21)",
                    "diff": null
                  },
                  "uuid": "88bbd1c2-5487-4b38-83b8-f3e2004ac0be",
                  "parentUUID": "5c6c6738-699b-4475-af75-cb664890614b",
                  "isHook": false,
                  "skipped": false
                },
                {
                  "title": "should return invalid PIN message",
                  "fullTitle": "ON NET Cash Transfer API Tests Failed response should return invalid PIN message",
                  "timedOut": null,
                  "duration": 690,
                  "state": "failed",
                  "speed": null,
                  "pass": false,
                  "fail": true,
                  "pending": false,
                  "context": null,
                  "code": "const invalidPINBody = {\n  \"request-id\": randomId,\n  \"command-id\": \"CASH\",\n  \"sender\": \"2250102919300\",\n  \"destination\": \"2250142373758\",\n  \"auth\": \"1234\",\n  //invalid PIN\n  \"amount\": \"100\",\n  \"remarks\": \"\",\n  \"extended-data\": {\n    \"lang\": \"F\",\n    \"cellid\": \"\"\n  }\n};\ncy.request({\n  method: 'POST',\n  url: validEndpoint,\n  body: invalidPINBody,\n  headers: {\n    'Content-Type': 'application/json'\n  },\n  failOnStatusCode: false\n}).then(response => {\n  expect(response.status).to.equal(200);\n  expect(response.body['command-id']).to.equal('CASH');\n  expect(response.body['request-id']).to.equal(randomId);\n  expect(response.body.status).to.equal(8);\n  expect(response.body['trans-id']).to.match(/^CASH\\d{6}\\.\\d{4}\\.R\\d{5}$/);\n  // Validate message content\n  const invalidPINmessage = [\"Le code secret que vous avez saisi est errone,veuillez reessayer svp ou  RDV avec votre piece d'identite dans l'agence Moov la plus proche pour le reinitialiser.\"];\n  invalidPINmessage.forEach(part => {\n    expect(response.body.message).to.include(part);\n  });\n});",
                  "err": {
                    "message": "CypressError: `cy.request()` failed trying to load:\n\nhttp://127.0.0.1:8881/Prod_200_AppManagerWildFly21/gateway/transaction\n\nWe attempted to make an http request to this URL but the request failed without a response.\n\nWe received this error at the network level:\n\n  > Error: connect ECONNREFUSED 127.0.0.1:8881\n\n-----------------------------------------------------------\n\nThe request we sent was:\n\nMethod: POST\nURL: http://127.0.0.1:8881/Prod_200_AppManagerWildFly21/gateway/transaction\n\n-----------------------------------------------------------\n\nCommon situations why this would fail:\n  - you don't have internet access\n  - you forgot to run / boot your web server\n  - your web server isn't accessible\n  - you have weird network configuration settings on your computer\n\nhttps://on.cypress.io/request",
                    "estack": "CypressError: `cy.request()` failed trying to load:\n\nhttp://127.0.0.1:8881/Prod_200_AppManagerWildFly21/gateway/transaction\n\nWe attempted to make an http request to this URL but the request failed without a response.\n\nWe received this error at the network level:\n\n  > Error: connect ECONNREFUSED 127.0.0.1:8881\n\n-----------------------------------------------------------\n\nThe request we sent was:\n\nMethod: POST\nURL: http://127.0.0.1:8881/Prod_200_AppManagerWildFly21/gateway/transaction\n\n-----------------------------------------------------------\n\nCommon situations why this would fail:\n  - you don't have internet access\n  - you forgot to run / boot your web server\n  - your web server isn't accessible\n  - you have weird network configuration settings on your computer\n\nhttps://on.cypress.io/request\n    at <unknown> (http://localhost:57707/__cypress/runner/cypress_runner.js:136280:70)\n    at tryCatcher (http://localhost:57707/__cypress/runner/cypress_runner.js:1777:23)\n    at <unknown> (http://localhost:57707/__cypress/runner/cypress_runner.js:4173:37)\n    at tryCatcher (http://localhost:57707/__cypress/runner/cypress_runner.js:1777:23)\n    at Promise._settlePromiseFromHandler (http://localhost:57707/__cypress/runner/cypress_runner.js:1489:31)\n    at Promise._settlePromise (http://localhost:57707/__cypress/runner/cypress_runner.js:1546:18)\n    at Promise._settlePromise0 (http://localhost:57707/__cypress/runner/cypress_runner.js:1591:10)\n    at Promise._settlePromises (http://localhost:57707/__cypress/runner/cypress_runner.js:1667:18)\n    at _drainQueueStep (http://localhost:57707/__cypress/runner/cypress_runner.js:2377:12)\n    at _drainQueue (http://localhost:57707/__cypress/runner/cypress_runner.js:2370:9)\n    at Async._drainQueues (http://localhost:57707/__cypress/runner/cypress_runner.js:2386:5)\n    at Async.drainQueues (http://localhost:57707/__cypress/runner/cypress_runner.js:2256:14)\nFrom Your Spec Code:\n    at Context.eval (webpack://cypess-api-test/./cypress/e2e/API-TEST/INTERNAL_TRANSACTION/cash_on-net.cy.js:96:15)\n\nFrom Node.js Internals:\n  RequestError: Error: connect ECONNREFUSED 127.0.0.1:8881\n      at new r (<embedded>:227:402397)\n      at ee.callback (<embedded>:227:408398)\n      at e.callback.s.callback [as _callback] (<embedded>:227:407844)\n      at s._callback.s.callback.s.callback (<embedded>:290:107368)\n      at ee.emit (node:events:518:28)\n      at ee.onRequestError (<embedded>:290:116310)\n      at ClientRequest.emit (node:events:530:35)\n      at emitErrorEvent (node:_http_client:104:11)\n      at Socket.socketErrorListener (node:_http_client:518:5)\n      at Socket.emit (node:events:518:28)\n      at emitErrorNT (node:internal/streams/destroy:170:8)\n      at emitErrorCloseNT (node:internal/streams/destroy:129:3)\n      at process.processTicksAndRejections (node:internal/process/task_queues:90:21)",
                    "diff": null
                  },
                  "uuid": "c139b0ad-8b9e-47d2-8d16-b3671a075a33",
                  "parentUUID": "5c6c6738-699b-4475-af75-cb664890614b",
                  "isHook": false,
                  "skipped": false
                },
                {
                  "title": "should return invalid destination number message",
                  "fullTitle": "ON NET Cash Transfer API Tests Failed response should return invalid destination number message",
                  "timedOut": null,
                  "duration": 695,
                  "state": "failed",
                  "speed": null,
                  "pass": false,
                  "fail": true,
                  "pending": false,
                  "context": null,
                  "code": "const invalidDestinationNumberBody = {\n  \"request-id\": randomId,\n  \"command-id\": \"CASH\",\n  \"sender\": \"2250102919300\",\n  \"destination\": \"225014237375\",\n  //invalid destination number\n  \"auth\": \"2222\",\n  \"amount\": \"100\",\n  \"remarks\": \"\",\n  \"extended-data\": {\n    \"lang\": \"F\",\n    \"cellid\": \"\"\n  }\n};\ncy.request({\n  method: 'POST',\n  url: validEndpoint,\n  body: invalidDestinationNumberBody,\n  headers: {\n    'Content-Type': 'application/json'\n  },\n  failOnStatusCode: false\n}).then(response => {\n  expect(response.status).to.equal(200);\n  expect(response.body['command-id']).to.equal('CASH');\n  expect(response.body['request-id']).to.equal(randomId);\n  expect(response.body.status).to.equal(3);\n  expect(response.body['trans-id']).to.match(/^CASH\\d{6}\\.\\d{4}\\.R\\d{5}$/);\n  // Validate message content\n  const invalidDestinationNumberMESSAGE = [\"Le numero que vous avez entre n'est pas valide. Merci de verifier et reessayer svp . \"];\n  invalidDestinationNumberMESSAGE.forEach(part => {\n    expect(response.body.message).to.include(part);\n  });\n});",
                  "err": {
                    "message": "CypressError: `cy.request()` failed trying to load:\n\nhttp://127.0.0.1:8881/Prod_200_AppManagerWildFly21/gateway/transaction\n\nWe attempted to make an http request to this URL but the request failed without a response.\n\nWe received this error at the network level:\n\n  > Error: connect ECONNREFUSED 127.0.0.1:8881\n\n-----------------------------------------------------------\n\nThe request we sent was:\n\nMethod: POST\nURL: http://127.0.0.1:8881/Prod_200_AppManagerWildFly21/gateway/transaction\n\n-----------------------------------------------------------\n\nCommon situations why this would fail:\n  - you don't have internet access\n  - you forgot to run / boot your web server\n  - your web server isn't accessible\n  - you have weird network configuration settings on your computer\n\nhttps://on.cypress.io/request",
                    "estack": "CypressError: `cy.request()` failed trying to load:\n\nhttp://127.0.0.1:8881/Prod_200_AppManagerWildFly21/gateway/transaction\n\nWe attempted to make an http request to this URL but the request failed without a response.\n\nWe received this error at the network level:\n\n  > Error: connect ECONNREFUSED 127.0.0.1:8881\n\n-----------------------------------------------------------\n\nThe request we sent was:\n\nMethod: POST\nURL: http://127.0.0.1:8881/Prod_200_AppManagerWildFly21/gateway/transaction\n\n-----------------------------------------------------------\n\nCommon situations why this would fail:\n  - you don't have internet access\n  - you forgot to run / boot your web server\n  - your web server isn't accessible\n  - you have weird network configuration settings on your computer\n\nhttps://on.cypress.io/request\n    at <unknown> (http://localhost:57707/__cypress/runner/cypress_runner.js:136280:70)\n    at tryCatcher (http://localhost:57707/__cypress/runner/cypress_runner.js:1777:23)\n    at <unknown> (http://localhost:57707/__cypress/runner/cypress_runner.js:4173:37)\n    at tryCatcher (http://localhost:57707/__cypress/runner/cypress_runner.js:1777:23)\n    at Promise._settlePromiseFromHandler (http://localhost:57707/__cypress/runner/cypress_runner.js:1489:31)\n    at Promise._settlePromise (http://localhost:57707/__cypress/runner/cypress_runner.js:1546:18)\n    at Promise._settlePromise0 (http://localhost:57707/__cypress/runner/cypress_runner.js:1591:10)\n    at Promise._settlePromises (http://localhost:57707/__cypress/runner/cypress_runner.js:1667:18)\n    at _drainQueueStep (http://localhost:57707/__cypress/runner/cypress_runner.js:2377:12)\n    at _drainQueue (http://localhost:57707/__cypress/runner/cypress_runner.js:2370:9)\n    at Async._drainQueues (http://localhost:57707/__cypress/runner/cypress_runner.js:2386:5)\n    at Async.drainQueues (http://localhost:57707/__cypress/runner/cypress_runner.js:2256:14)\nFrom Your Spec Code:\n    at Context.eval (webpack://cypess-api-test/./cypress/e2e/API-TEST/INTERNAL_TRANSACTION/cash_on-net.cy.js:137:15)\n\nFrom Node.js Internals:\n  RequestError: Error: connect ECONNREFUSED 127.0.0.1:8881\n      at new r (<embedded>:227:402397)\n      at ee.callback (<embedded>:227:408398)\n      at e.callback.s.callback [as _callback] (<embedded>:227:407844)\n      at s._callback.s.callback.s.callback (<embedded>:290:107368)\n      at ee.emit (node:events:518:28)\n      at ee.onRequestError (<embedded>:290:116310)\n      at ClientRequest.emit (node:events:530:35)\n      at emitErrorEvent (node:_http_client:104:11)\n      at Socket.socketErrorListener (node:_http_client:518:5)\n      at Socket.emit (node:events:518:28)\n      at emitErrorNT (node:internal/streams/destroy:170:8)\n      at emitErrorCloseNT (node:internal/streams/destroy:129:3)\n      at process.processTicksAndRejections (node:internal/process/task_queues:90:21)",
                    "diff": null
                  },
                  "uuid": "9d89914c-2139-46de-a2b8-426d05385a2c",
                  "parentUUID": "5c6c6738-699b-4475-af75-cb664890614b",
                  "isHook": false,
                  "skipped": false
                },
                {
                  "title": "should return invalid sender number message",
                  "fullTitle": "ON NET Cash Transfer API Tests Failed response should return invalid sender number message",
                  "timedOut": null,
                  "duration": 719,
                  "state": "failed",
                  "speed": null,
                  "pass": false,
                  "fail": true,
                  "pending": false,
                  "context": null,
                  "code": "const invalidsenderNumberBody = {\n  \"request-id\": randomId,\n  \"command-id\": \"CASH\",\n  \"sender\": \"225010291930\",\n  //invalid sender number\n  \"destination\": \"2250142373758\",\n  \"auth\": \"2222\",\n  \"amount\": \"100\",\n  \"remarks\": \"\",\n  \"extended-data\": {\n    \"lang\": \"F\",\n    \"cellid\": \"\"\n  }\n};\ncy.request({\n  method: 'POST',\n  url: validEndpoint,\n  body: invalidsenderNumberBody,\n  headers: {\n    'Content-Type': 'application/json'\n  },\n  failOnStatusCode: false\n}).then(response => {\n  expect(response.status).to.equal(200);\n  expect(response.body['command-id']).to.equal('CASH');\n  expect(response.body['request-id']).to.equal(randomId);\n  expect(response.body.status).to.equal(4);\n  expect(response.body['trans-id']).to.match(/^CASH\\d{6}\\.\\d{4}\\.R\\d{5}$/);\n  // Validate message content\n  const invalidSenderNumberMESSAGE = [\"Desole, vous n'etes pas autorise a effectuer cette transaction.\"];\n  invalidSenderNumberMESSAGE.forEach(part => {\n    expect(response.body.message).to.include(part);\n  });\n});",
                  "err": {
                    "message": "CypressError: `cy.request()` failed trying to load:\n\nhttp://127.0.0.1:8881/Prod_200_AppManagerWildFly21/gateway/transaction\n\nWe attempted to make an http request to this URL but the request failed without a response.\n\nWe received this error at the network level:\n\n  > Error: connect ECONNREFUSED 127.0.0.1:8881\n\n-----------------------------------------------------------\n\nThe request we sent was:\n\nMethod: POST\nURL: http://127.0.0.1:8881/Prod_200_AppManagerWildFly21/gateway/transaction\n\n-----------------------------------------------------------\n\nCommon situations why this would fail:\n  - you don't have internet access\n  - you forgot to run / boot your web server\n  - your web server isn't accessible\n  - you have weird network configuration settings on your computer\n\nhttps://on.cypress.io/request",
                    "estack": "CypressError: `cy.request()` failed trying to load:\n\nhttp://127.0.0.1:8881/Prod_200_AppManagerWildFly21/gateway/transaction\n\nWe attempted to make an http request to this URL but the request failed without a response.\n\nWe received this error at the network level:\n\n  > Error: connect ECONNREFUSED 127.0.0.1:8881\n\n-----------------------------------------------------------\n\nThe request we sent was:\n\nMethod: POST\nURL: http://127.0.0.1:8881/Prod_200_AppManagerWildFly21/gateway/transaction\n\n-----------------------------------------------------------\n\nCommon situations why this would fail:\n  - you don't have internet access\n  - you forgot to run / boot your web server\n  - your web server isn't accessible\n  - you have weird network configuration settings on your computer\n\nhttps://on.cypress.io/request\n    at <unknown> (http://localhost:57707/__cypress/runner/cypress_runner.js:136280:70)\n    at tryCatcher (http://localhost:57707/__cypress/runner/cypress_runner.js:1777:23)\n    at <unknown> (http://localhost:57707/__cypress/runner/cypress_runner.js:4173:37)\n    at tryCatcher (http://localhost:57707/__cypress/runner/cypress_runner.js:1777:23)\n    at Promise._settlePromiseFromHandler (http://localhost:57707/__cypress/runner/cypress_runner.js:1489:31)\n    at Promise._settlePromise (http://localhost:57707/__cypress/runner/cypress_runner.js:1546:18)\n    at Promise._settlePromise0 (http://localhost:57707/__cypress/runner/cypress_runner.js:1591:10)\n    at Promise._settlePromises (http://localhost:57707/__cypress/runner/cypress_runner.js:1667:18)\n    at _drainQueueStep (http://localhost:57707/__cypress/runner/cypress_runner.js:2377:12)\n    at _drainQueue (http://localhost:57707/__cypress/runner/cypress_runner.js:2370:9)\n    at Async._drainQueues (http://localhost:57707/__cypress/runner/cypress_runner.js:2386:5)\n    at Async.drainQueues (http://localhost:57707/__cypress/runner/cypress_runner.js:2256:14)\nFrom Your Spec Code:\n    at Context.eval (webpack://cypess-api-test/./cypress/e2e/API-TEST/INTERNAL_TRANSACTION/cash_on-net.cy.js:178:15)\n\nFrom Node.js Internals:\n  RequestError: Error: connect ECONNREFUSED 127.0.0.1:8881\n      at new r (<embedded>:227:402397)\n      at ee.callback (<embedded>:227:408398)\n      at e.callback.s.callback [as _callback] (<embedded>:227:407844)\n      at s._callback.s.callback.s.callback (<embedded>:290:107368)\n      at ee.emit (node:events:518:28)\n      at ee.onRequestError (<embedded>:290:116310)\n      at ClientRequest.emit (node:events:530:35)\n      at emitErrorEvent (node:_http_client:104:11)\n      at Socket.socketErrorListener (node:_http_client:518:5)\n      at Socket.emit (node:events:518:28)\n      at emitErrorNT (node:internal/streams/destroy:170:8)\n      at emitErrorCloseNT (node:internal/streams/destroy:129:3)\n      at process.processTicksAndRejections (node:internal/process/task_queues:90:21)",
                    "diff": null
                  },
                  "uuid": "30a6d7f4-02b2-49a5-b396-e810756a8c9e",
                  "parentUUID": "5c6c6738-699b-4475-af75-cb664890614b",
                  "isHook": false,
                  "skipped": false
                }
              ],
              "suites": [],
              "passes": [],
              "failures": [
                "88bbd1c2-5487-4b38-83b8-f3e2004ac0be",
                "c139b0ad-8b9e-47d2-8d16-b3671a075a33",
                "9d89914c-2139-46de-a2b8-426d05385a2c",
                "30a6d7f4-02b2-49a5-b396-e810756a8c9e"
              ],
              "pending": [],
              "skipped": [],
              "duration": 2793,
              "root": false,
              "rootEmpty": false,
              "_timeout": 2000
            }
          ],
          "passes": [],
          "failures": [],
          "pending": [],
          "skipped": [],
          "duration": 0,
          "root": false,
          "rootEmpty": false,
          "_timeout": 2000
        }
      ],
      "passes": [],
      "failures": [],
      "pending": [],
      "skipped": [],
      "duration": 0,
      "root": true,
      "rootEmpty": true,
      "_timeout": 2000
    }
  ],
  "meta": {
    "mocha": {
      "version": "7.2.0"
    },
    "mochawesome": {
      "options": {
        "quiet": false,
        "reportFilename": "mochawesome",
        "saveHtml": false,
        "saveJson": true,
        "consoleReporter": "spec",
        "useInlineDiffs": false,
        "code": true
      },
      "version": "7.1.3"
    },
    "marge": {
      "options": {
        "overwrite": false,
        "html": false,
        "json": true
      },
      "version": "6.2.0"
    }
  }
}