{
  "stats": {
    "suites": 3,
    "tests": 10,
    "passes": 10,
    "pending": 0,
    "failures": 0,
    "start": "2025-09-04T17:25:28.148Z",
    "end": "2025-09-04T17:25:29.926Z",
    "duration": 1778,
    "testsRegistered": 10,
    "passPercent": 100,
    "pendingPercent": 0,
    "other": 0,
    "hasOther": false,
    "skipped": 0,
    "hasSkipped": false
  },
  "results": [
    {
      "uuid": "7c47ccca-7245-46aa-b8a7-d66d987a6e76",
      "title": "",
      "fullFile": "cypress\\e2e\\API-TEST\\INTERNET_BUNDLE\\compte_moov_folie.cy.js",
      "file": "cypress\\e2e\\API-TEST\\INTERNET_BUNDLE\\compte_moov_folie.cy.js",
      "beforeHooks": [],
      "afterHooks": [],
      "tests": [],
      "suites": [
        {
          "uuid": "f79c966c-dcd2-44c4-bf66-128cce578900",
          "title": "COMPTE MOOV FOLIE API Tests",
          "fullFile": "",
          "file": "",
          "beforeHooks": [],
          "afterHooks": [],
          "tests": [],
          "suites": [
            {
              "uuid": "97290d54-c736-40d5-ae19-e99f7fe96c28",
              "title": "Successful COMPTE MOOV FOLIE",
              "fullFile": "",
              "file": "",
              "beforeHooks": [],
              "afterHooks": [],
              "tests": [
                {
                  "title": "should process COMPTE MOOV FOLIE for self and return success response",
                  "fullTitle": "COMPTE MOOV FOLIE API Tests Successful COMPTE MOOV FOLIE should process COMPTE MOOV FOLIE for self and return success response",
                  "timedOut": null,
                  "duration": 341,
                  "state": "passed",
                  "speed": "fast",
                  "pass": true,
                  "fail": false,
                  "pending": false,
                  "context": null,
                  "code": "cy.request({\n  method: 'POST',\n  url: validEndpoint,\n  body: requestBodyforSelf,\n  headers: {\n    'Content-Type': 'application/json'\n  }\n}).then(response => {\n  // Validate response status\n  expect(response.status).to.equal(200);\n  expect(response.body).to.be.jsonSchema(responseSchema);\n  // Validate response values\n  expect(response.body['command-id']).to.equal('BILLF');\n  expect(response.body['request-id']).to.equal(randomId);\n  expect(response.body.status).to.equal(0);\n  expect(response.body['trans-id']).to.match(/^BILLF\\d{6}\\.\\d{4}\\.R\\d{5}$/);\n  expect(response.body.message).to.contains('Débit de');\n});",
                  "err": {},
                  "uuid": "bc8d701f-530e-42f9-a6eb-c12d83616cf0",
                  "parentUUID": "97290d54-c736-40d5-ae19-e99f7fe96c28",
                  "isHook": false,
                  "skipped": false
                },
                {
                  "title": "should process COMPTE MOOV FOLIE for others and return success response",
                  "fullTitle": "COMPTE MOOV FOLIE API Tests Successful COMPTE MOOV FOLIE should process COMPTE MOOV FOLIE for others and return success response",
                  "timedOut": null,
                  "duration": 238,
                  "state": "passed",
                  "speed": "fast",
                  "pass": true,
                  "fail": false,
                  "pending": false,
                  "context": null,
                  "code": "cy.request({\n  method: 'POST',\n  url: validEndpoint,\n  body: requestBodyforOthers,\n  headers: {\n    'Content-Type': 'application/json'\n  }\n}).then(response => {\n  // Validate response status\n  expect(response.status).to.equal(200);\n  expect(response.body).to.be.jsonSchema(responseSchema);\n  // Validate response values\n  expect(response.body['command-id']).to.equal('BILLF');\n  expect(response.body['request-id']).to.equal(randomId);\n  expect(response.body.status).to.equal(0);\n  expect(response.body['trans-id']).to.match(/^BILLF\\d{6}\\.\\d{4}\\.R\\d{5}$/);\n  expect(response.body.message).to.contains('Débit de');\n});",
                  "err": {},
                  "uuid": "291f1737-a387-4eb4-baa3-f3c9a8c46c53",
                  "parentUUID": "97290d54-c736-40d5-ae19-e99f7fe96c28",
                  "isHook": false,
                  "skipped": false
                }
              ],
              "suites": [],
              "passes": [
                "bc8d701f-530e-42f9-a6eb-c12d83616cf0",
                "291f1737-a387-4eb4-baa3-f3c9a8c46c53"
              ],
              "failures": [],
              "pending": [],
              "skipped": [],
              "duration": 579,
              "root": false,
              "rootEmpty": false,
              "_timeout": 2000
            },
            {
              "uuid": "d7698b68-6476-4cf2-9b88-fa873b1c32f5",
              "title": "Failed response",
              "fullFile": "",
              "file": "",
              "beforeHooks": [],
              "afterHooks": [],
              "tests": [
                {
                  "title": "should return 404 for invalid endpoint",
                  "fullTitle": "COMPTE MOOV FOLIE API Tests Failed response should return 404 for invalid endpoint",
                  "timedOut": null,
                  "duration": 79,
                  "state": "passed",
                  "speed": "fast",
                  "pass": true,
                  "fail": false,
                  "pending": false,
                  "context": null,
                  "code": "cy.request({\n  method: 'POST',\n  url: invalidEndpoint,\n  body: requestBodyforSelf,\n  headers: {\n    'Content-Type': 'application/json'\n  },\n  failOnStatusCode: false\n}).then(response => {\n  // Verify Not Found response\n  expect(response.status).to.equal(404);\n});",
                  "err": {},
                  "uuid": "8d62eb92-7c78-45e4-ae09-5f28a8845539",
                  "parentUUID": "d7698b68-6476-4cf2-9b88-fa873b1c32f5",
                  "isHook": false,
                  "skipped": false
                },
                {
                  "title": "should return 404 for invalid endpoint",
                  "fullTitle": "COMPTE MOOV FOLIE API Tests Failed response should return 404 for invalid endpoint",
                  "timedOut": null,
                  "duration": 76,
                  "state": "passed",
                  "speed": "fast",
                  "pass": true,
                  "fail": false,
                  "pending": false,
                  "context": null,
                  "code": "cy.request({\n  method: 'POST',\n  url: invalidEndpoint,\n  body: requestBodyforOthers,\n  headers: {\n    'Content-Type': 'application/json'\n  },\n  failOnStatusCode: false\n}).then(response => {\n  // Verify Not Found response\n  expect(response.status).to.equal(404);\n});",
                  "err": {},
                  "uuid": "e80a736d-be1e-4f97-b6c9-8a32c61a9651",
                  "parentUUID": "d7698b68-6476-4cf2-9b88-fa873b1c32f5",
                  "isHook": false,
                  "skipped": false
                },
                {
                  "title": "should return invalid PIN message (SELF)",
                  "fullTitle": "COMPTE MOOV FOLIE API Tests Failed response should return invalid PIN message (SELF)",
                  "timedOut": null,
                  "duration": 174,
                  "state": "passed",
                  "speed": "fast",
                  "pass": true,
                  "fail": false,
                  "pending": false,
                  "context": null,
                  "code": "cy.request({\n  method: 'POST',\n  url: validEndpoint,\n  body: invalidPINBodySELF,\n  headers: {\n    'Content-Type': 'application/json'\n  },\n  failOnStatusCode: false\n}).then(response => {\n  expect(response.status).to.equal(200);\n  expect(response.body).to.be.jsonSchema(responseSchema);\n  expect(response.body['command-id']).to.equal('BILLF');\n  expect(response.body['request-id']).to.equal(randomId);\n  expect(response.body.status).to.equal(8);\n  expect(response.body['trans-id']).to.match(/^BILLF\\d{6}\\.\\d{4}\\.R\\d{5}$/);\n  invalidPINmessage.forEach(part => {\n    expect(response.body.message).to.include(part);\n  });\n});",
                  "err": {},
                  "uuid": "f77c6c9a-75d5-4219-b51e-db3229ef8ce3",
                  "parentUUID": "d7698b68-6476-4cf2-9b88-fa873b1c32f5",
                  "isHook": false,
                  "skipped": false
                },
                {
                  "title": "should return invalid PIN message (OTHERS)",
                  "fullTitle": "COMPTE MOOV FOLIE API Tests Failed response should return invalid PIN message (OTHERS)",
                  "timedOut": null,
                  "duration": 160,
                  "state": "passed",
                  "speed": "fast",
                  "pass": true,
                  "fail": false,
                  "pending": false,
                  "context": null,
                  "code": "cy.request({\n  method: 'POST',\n  url: validEndpoint,\n  body: invalidPINBodyOTHERS,\n  headers: {\n    'Content-Type': 'application/json'\n  },\n  failOnStatusCode: false\n}).then(response => {\n  expect(response.status).to.equal(200);\n  expect(response.body).to.be.jsonSchema(responseSchema);\n  expect(response.body['command-id']).to.equal('BILLF');\n  expect(response.body['request-id']).to.equal(randomId);\n  expect(response.body.status).to.equal(8);\n  expect(response.body['trans-id']).to.match(/^BILLF\\d{6}\\.\\d{4}\\.R\\d{5}$/);\n  invalidPINmessage.forEach(part => {\n    expect(response.body.message).to.include(part);\n  });\n});",
                  "err": {},
                  "uuid": "3398ccb0-92ba-4b20-9ac7-2708066f5d48",
                  "parentUUID": "d7698b68-6476-4cf2-9b88-fa873b1c32f5",
                  "isHook": false,
                  "skipped": false
                },
                {
                  "title": "should return not authorized destination number message (SELF)",
                  "fullTitle": "COMPTE MOOV FOLIE API Tests Failed response should return not authorized destination number message (SELF)",
                  "timedOut": null,
                  "duration": 182,
                  "state": "passed",
                  "speed": "fast",
                  "pass": true,
                  "fail": false,
                  "pending": false,
                  "context": null,
                  "code": "cy.request({\n  method: 'POST',\n  url: validEndpoint,\n  body: notAuthorizedNumberBodySELF,\n  headers: {\n    'Content-Type': 'application/json'\n  },\n  failOnStatusCode: false\n}).then(response => {\n  expect(response.status).to.equal(200);\n  expect(response.body).to.be.jsonSchema(responseSchema);\n  expect(response.body['command-id']).to.equal('BILLF');\n  expect(response.body['request-id']).to.equal(randomId);\n  expect(response.body.status).to.equal(51);\n  expect(response.body['trans-id']).to.match(/^BILLF\\d{6}\\.\\d{4}\\.R\\d{5}$/);\n  notAuthorizedNumMESSAGE.forEach(part => {\n    expect(response.body.message).to.include(part);\n  });\n});",
                  "err": {},
                  "uuid": "98fad2f0-8a35-4525-b38e-f5c8e2b03193",
                  "parentUUID": "d7698b68-6476-4cf2-9b88-fa873b1c32f5",
                  "isHook": false,
                  "skipped": false
                },
                {
                  "title": "should return not authorized destination number message (OTHERS)",
                  "fullTitle": "COMPTE MOOV FOLIE API Tests Failed response should return not authorized destination number message (OTHERS)",
                  "timedOut": null,
                  "duration": 117,
                  "state": "passed",
                  "speed": "fast",
                  "pass": true,
                  "fail": false,
                  "pending": false,
                  "context": null,
                  "code": "cy.request({\n  method: 'POST',\n  url: validEndpoint,\n  body: notAuthorizedNumberBodyOTHERS,\n  headers: {\n    'Content-Type': 'application/json'\n  },\n  failOnStatusCode: false\n}).then(response => {\n  expect(response.status).to.equal(200);\n  expect(response.body).to.be.jsonSchema(responseSchema);\n  expect(response.body['command-id']).to.equal('BILLF');\n  expect(response.body['request-id']).to.equal(randomId);\n  expect(response.body.status).to.equal(51);\n  expect(response.body['trans-id']).to.match(/^BILLF\\d{6}\\.\\d{4}\\.R\\d{5}$/);\n  notAuthorizedNumMESSAGE.forEach(part => {\n    expect(response.body.message).to.include(part);\n  });\n});",
                  "err": {},
                  "uuid": "9161d0a0-645e-4e66-a8fe-912b5219b755",
                  "parentUUID": "d7698b68-6476-4cf2-9b88-fa873b1c32f5",
                  "isHook": false,
                  "skipped": false
                },
                {
                  "title": "should return not authorized sender number message (SELF)",
                  "fullTitle": "COMPTE MOOV FOLIE API Tests Failed response should return not authorized sender number message (SELF)",
                  "timedOut": null,
                  "duration": 116,
                  "state": "passed",
                  "speed": "fast",
                  "pass": true,
                  "fail": false,
                  "pending": false,
                  "context": null,
                  "code": "cy.request({\n  method: 'POST',\n  url: validEndpoint,\n  body: notAuthorizedSenderNumBodySELF,\n  headers: {\n    'Content-Type': 'application/json'\n  },\n  failOnStatusCode: false\n}).then(response => {\n  expect(response.status).to.equal(200);\n  expect(response.body).to.be.jsonSchema(responseSchema);\n  expect(response.body['command-id']).to.equal('BILLF');\n  expect(response.body['request-id']).to.equal(randomId);\n  expect(response.body.status).to.equal(4);\n  expect(response.body['trans-id']).to.match(/^BILLF\\d{6}\\.\\d{4}\\.R\\d{5}$/);\n  notAuthorizedSenderNumMESSAGE.forEach(part => {\n    expect(response.body.message).to.include(part);\n  });\n});",
                  "err": {},
                  "uuid": "542ebbaf-d2bc-4216-ba8a-977435d7f8b1",
                  "parentUUID": "d7698b68-6476-4cf2-9b88-fa873b1c32f5",
                  "isHook": false,
                  "skipped": false
                },
                {
                  "title": "should return not authorized sender number message (OTHERS)",
                  "fullTitle": "COMPTE MOOV FOLIE API Tests Failed response should return not authorized sender number message (OTHERS)",
                  "timedOut": null,
                  "duration": 103,
                  "state": "passed",
                  "speed": "fast",
                  "pass": true,
                  "fail": false,
                  "pending": false,
                  "context": null,
                  "code": "cy.request({\n  method: 'POST',\n  url: validEndpoint,\n  body: notAuthorizedSenderNumBodyOTHERS,\n  headers: {\n    'Content-Type': 'application/json'\n  },\n  failOnStatusCode: false\n}).then(response => {\n  expect(response.status).to.equal(200);\n  expect(response.body).to.be.jsonSchema(responseSchema);\n  expect(response.body['command-id']).to.equal('BILLF');\n  expect(response.body['request-id']).to.equal(randomId);\n  expect(response.body.status).to.equal(4);\n  expect(response.body['trans-id']).to.match(/^BILLF\\d{6}\\.\\d{4}\\.R\\d{5}$/);\n  notAuthorizedSenderNumMESSAGE.forEach(part => {\n    expect(response.body.message).to.include(part);\n  });\n});",
                  "err": {},
                  "uuid": "910c4fe7-989f-433e-acef-ba79bba50f1d",
                  "parentUUID": "d7698b68-6476-4cf2-9b88-fa873b1c32f5",
                  "isHook": false,
                  "skipped": false
                }
              ],
              "suites": [],
              "passes": [
                "8d62eb92-7c78-45e4-ae09-5f28a8845539",
                "e80a736d-be1e-4f97-b6c9-8a32c61a9651",
                "f77c6c9a-75d5-4219-b51e-db3229ef8ce3",
                "3398ccb0-92ba-4b20-9ac7-2708066f5d48",
                "98fad2f0-8a35-4525-b38e-f5c8e2b03193",
                "9161d0a0-645e-4e66-a8fe-912b5219b755",
                "542ebbaf-d2bc-4216-ba8a-977435d7f8b1",
                "910c4fe7-989f-433e-acef-ba79bba50f1d"
              ],
              "failures": [],
              "pending": [],
              "skipped": [],
              "duration": 1007,
              "root": false,
              "rootEmpty": false,
              "_timeout": 2000
            }
          ],
          "passes": [],
          "failures": [],
          "pending": [],
          "skipped": [],
          "duration": 0,
          "root": false,
          "rootEmpty": false,
          "_timeout": 2000
        }
      ],
      "passes": [],
      "failures": [],
      "pending": [],
      "skipped": [],
      "duration": 0,
      "root": true,
      "rootEmpty": true,
      "_timeout": 2000
    }
  ],
  "meta": {
    "mocha": {
      "version": "7.2.0"
    },
    "mochawesome": {
      "options": {
        "quiet": false,
        "reportFilename": "mochawesome",
        "saveHtml": false,
        "saveJson": true,
        "consoleReporter": "spec",
        "useInlineDiffs": false,
        "code": true
      },
      "version": "7.1.3"
    },
    "marge": {
      "options": {
        "overwrite": false,
        "html": false,
        "json": true
      },
      "version": "6.2.0"
    }
  }
}