{
  "stats": {
    "suites": 3,
    "tests": 10,
    "passes": 9,
    "pending": 0,
    "failures": 1,
    "start": "2025-09-05T11:12:04.884Z",
    "end": "2025-09-05T11:12:07.267Z",
    "duration": 2383,
    "testsRegistered": 10,
    "passPercent": 90,
    "pendingPercent": 0,
    "other": 0,
    "hasOther": false,
    "skipped": 0,
    "hasSkipped": false
  },
  "results": [
    {
      "uuid": "3854b857-a448-4f95-8f4a-4b5cae70c5ed",
      "title": "",
      "fullFile": "cypress\\e2e\\API-TEST\\INTERNET_BUNDLE\\compte_bundle_roaming.cy.js",
      "file": "cypress\\e2e\\API-TEST\\INTERNET_BUNDLE\\compte_bundle_roaming.cy.js",
      "beforeHooks": [],
      "afterHooks": [],
      "tests": [],
      "suites": [
        {
          "uuid": "baf4e48f-00de-41dd-8002-e6e8942ef101",
          "title": "COMPTE BUNDLE ROAMING API Tests",
          "fullFile": "",
          "file": "",
          "beforeHooks": [],
          "afterHooks": [],
          "tests": [],
          "suites": [
            {
              "uuid": "2cb2ef4f-845c-4f13-b58d-0f4b09f5f8b9",
              "title": "Successful COMPTE BUNDLE ROAMING",
              "fullFile": "",
              "file": "",
              "beforeHooks": [],
              "afterHooks": [],
              "tests": [
                {
                  "title": "should process COMPTE BUNDLE ROAMING for self and return success response",
                  "fullTitle": "COMPTE BUNDLE ROAMING API Tests Successful COMPTE BUNDLE ROAMING should process COMPTE BUNDLE ROAMING for self and return success response",
                  "timedOut": null,
                  "duration": 316,
                  "state": "passed",
                  "speed": "fast",
                  "pass": true,
                  "fail": false,
                  "pending": false,
                  "context": null,
                  "code": "cy.request({\n  method: 'POST',\n  url: validEndpoint,\n  body: requestBodyforSelf,\n  headers: {\n    'Content-Type': 'application/json'\n  }\n}).then(response => {\n  // Validate response status\n  expect(response.status).to.equal(200);\n  expect(response.body).to.be.jsonSchema(responseSchema);\n  // Validate response values\n  expect(response.body['command-id']).to.equal('BILL');\n  expect(response.body['request-id']).to.equal(randomId);\n  expect(response.body.status).to.equal(0);\n  expect(response.body['trans-id']).to.match(/^BILL\\d{6}\\.\\d{4}\\.R\\d{5}$/);\n  expect(response.body.message).to.contains('Débit de');\n});",
                  "err": {},
                  "uuid": "d3db62b3-53f4-4b7a-bafc-5f3fa7956d63",
                  "parentUUID": "2cb2ef4f-845c-4f13-b58d-0f4b09f5f8b9",
                  "isHook": false,
                  "skipped": false
                },
                {
                  "title": "should process COMPTE BUNDLE ROAMING for others and return success response",
                  "fullTitle": "COMPTE BUNDLE ROAMING API Tests Successful COMPTE BUNDLE ROAMING should process COMPTE BUNDLE ROAMING for others and return success response",
                  "timedOut": null,
                  "duration": 219,
                  "state": "passed",
                  "speed": "fast",
                  "pass": true,
                  "fail": false,
                  "pending": false,
                  "context": null,
                  "code": "cy.request({\n  method: 'POST',\n  url: validEndpoint,\n  body: requestBodyforOthers,\n  headers: {\n    'Content-Type': 'application/json'\n  }\n}).then(response => {\n  // Validate response status\n  expect(response.status).to.equal(200);\n  expect(response.body).to.be.jsonSchema(responseSchema);\n  // Validate response values\n  expect(response.body['command-id']).to.equal('BILL');\n  expect(response.body['request-id']).to.equal(randomId);\n  expect(response.body.status).to.equal(0);\n  expect(response.body['trans-id']).to.match(/^BILL\\d{6}\\.\\d{4}\\.R\\d{5}$/);\n  expect(response.body.message).to.contains('Débit de');\n});",
                  "err": {},
                  "uuid": "725d343a-e97f-4df1-bd1c-f4cc5e751984",
                  "parentUUID": "2cb2ef4f-845c-4f13-b58d-0f4b09f5f8b9",
                  "isHook": false,
                  "skipped": false
                }
              ],
              "suites": [],
              "passes": [
                "d3db62b3-53f4-4b7a-bafc-5f3fa7956d63",
                "725d343a-e97f-4df1-bd1c-f4cc5e751984"
              ],
              "failures": [],
              "pending": [],
              "skipped": [],
              "duration": 535,
              "root": false,
              "rootEmpty": false,
              "_timeout": 2000
            },
            {
              "uuid": "27d7921d-3bd0-46a9-8630-6588f19fc055",
              "title": "Failed response",
              "fullFile": "",
              "file": "",
              "beforeHooks": [],
              "afterHooks": [],
              "tests": [
                {
                  "title": "should return 404 for invalid endpoint",
                  "fullTitle": "COMPTE BUNDLE ROAMING API Tests Failed response should return 404 for invalid endpoint",
                  "timedOut": null,
                  "duration": 71,
                  "state": "passed",
                  "speed": "fast",
                  "pass": true,
                  "fail": false,
                  "pending": false,
                  "context": null,
                  "code": "cy.request({\n  method: 'POST',\n  url: invalidEndpoint,\n  body: requestBodyforSelf,\n  headers: {\n    'Content-Type': 'application/json'\n  },\n  failOnStatusCode: false\n}).then(response => {\n  // Verify Not Found response\n  expect(response.status).to.equal(404);\n});",
                  "err": {},
                  "uuid": "00930a3a-2a30-45a1-97ca-50a416d7bef3",
                  "parentUUID": "27d7921d-3bd0-46a9-8630-6588f19fc055",
                  "isHook": false,
                  "skipped": false
                },
                {
                  "title": "should return 404 for invalid endpoint",
                  "fullTitle": "COMPTE BUNDLE ROAMING API Tests Failed response should return 404 for invalid endpoint",
                  "timedOut": null,
                  "duration": 74,
                  "state": "passed",
                  "speed": "fast",
                  "pass": true,
                  "fail": false,
                  "pending": false,
                  "context": null,
                  "code": "cy.request({\n  method: 'POST',\n  url: invalidEndpoint,\n  body: requestBodyforOthers,\n  headers: {\n    'Content-Type': 'application/json'\n  },\n  failOnStatusCode: false\n}).then(response => {\n  // Verify Not Found response\n  expect(response.status).to.equal(404);\n});",
                  "err": {},
                  "uuid": "dfa1cc72-80f4-44fb-bddb-471c8973396a",
                  "parentUUID": "27d7921d-3bd0-46a9-8630-6588f19fc055",
                  "isHook": false,
                  "skipped": false
                },
                {
                  "title": "should return invalid PIN message (SELF)",
                  "fullTitle": "COMPTE BUNDLE ROAMING API Tests Failed response should return invalid PIN message (SELF)",
                  "timedOut": null,
                  "duration": 586,
                  "state": "failed",
                  "speed": null,
                  "pass": false,
                  "fail": true,
                  "pending": false,
                  "context": null,
                  "code": "cy.request({\n  method: 'POST',\n  url: validEndpoint,\n  body: invalidPINBodySELF,\n  headers: {\n    'Content-Type': 'application/json'\n  },\n  failOnStatusCode: false\n}).then(response => {\n  expect(response.status).to.equal(200);\n  expect(response.body).to.be.jsonSchema(responseSchema);\n  expect(response.body['command-id']).to.equal('BILL');\n  expect(response.body['request-id']).to.equal(randomId);\n  expect(response.body.status).to.equal(8);\n  expect(response.body['trans-id']).to.match(/^BILL\\d{6}\\.\\d{4}\\.R\\d{5}$/);\n  invalidPINmessage.forEach(part => {\n    expect(response.body.message).to.include(part);\n  });\n});",
                  "err": {
                    "message": "AssertionError: expected value to match json-schema 'COMPTE BUNDLE ROAMING Response Schema' -> '{\"command-id\":\"BILL\",\"trans-id...'\n      Missing required property: request-id\n          schema: COMPTE BUNDLE ROAMING Response Schema\n          rule:   /required/2 -> \"request-id\"",
                    "estack": "AssertionError: expected value to match json-schema 'COMPTE BUNDLE ROAMING Response Schema' -> '{\"command-id\":\"BILL\",\"trans-id...'\n      Missing required property: request-id\n          schema: COMPTE BUNDLE ROAMING Response Schema\n          rule:   /required/2 -> \"request-id\"\n    at Proxy.eval (webpack://cypess-api-test/./node_modules/chai-json-schema/index.js:173:0)\n    at Proxy.methodWrapper (http://localhost:57486/__cypress/runner/cypress_runner.js:80245:25)\n    at Context.eval (webpack://cypess-api-test/./cypress/e2e/API-TEST/INTERNET_BUNDLE/compte_bundle_roaming.cy.js:213:44)\n    at getRet (http://localhost:57486/__cypress/runner/cypress_runner.js:121549:20)\n    at tryCatcher (http://localhost:57486/__cypress/runner/cypress_runner.js:1777:23)\n    at Promise.attempt.Promise.try (http://localhost:57486/__cypress/runner/cypress_runner.js:4285:29)\n    at Context.thenFn (http://localhost:57486/__cypress/runner/cypress_runner.js:121560:66)\n    at Context.then (http://localhost:57486/__cypress/runner/cypress_runner.js:121811:21)",
                    "diff": "- { 'command-id': 'BILL',\n-   'trans-id': 'BILL250905.1912.R00124',\n-   status: 8,\n-   message: 'Le code secret que vous avez saisi est errone,veuillez reessayer svp ou  RDV avec votre piece d\\'identite dans l\\'agence Moov la plus proche pour le reinitialiser.' }\n+ 'COMPTE BUNDLE ROAMING Response Schema'\n"
                  },
                  "uuid": "e62e9806-8c40-4106-a2a0-71f1ae470a7f",
                  "parentUUID": "27d7921d-3bd0-46a9-8630-6588f19fc055",
                  "isHook": false,
                  "skipped": false
                },
                {
                  "title": "should return invalid PIN message (OTHERS)",
                  "fullTitle": "COMPTE BUNDLE ROAMING API Tests Failed response should return invalid PIN message (OTHERS)",
                  "timedOut": null,
                  "duration": 118,
                  "state": "passed",
                  "speed": "fast",
                  "pass": true,
                  "fail": false,
                  "pending": false,
                  "context": null,
                  "code": "cy.request({\n  method: 'POST',\n  url: validEndpoint,\n  body: invalidPINBodyOTHERS,\n  headers: {\n    'Content-Type': 'application/json'\n  },\n  failOnStatusCode: false\n}).then(response => {\n  expect(response.status).to.equal(200);\n  expect(response.body).to.be.jsonSchema(responseSchema);\n  expect(response.body['command-id']).to.equal('BILL');\n  expect(response.body['request-id']).to.equal(randomId);\n  expect(response.body.status).to.equal(8);\n  expect(response.body['trans-id']).to.match(/^BILL\\d{6}\\.\\d{4}\\.R\\d{5}$/);\n  invalidPINmessage.forEach(part => {\n    expect(response.body.message).to.include(part);\n  });\n});",
                  "err": {},
                  "uuid": "e98bb927-1ebd-4866-b91b-792a524febd9",
                  "parentUUID": "27d7921d-3bd0-46a9-8630-6588f19fc055",
                  "isHook": false,
                  "skipped": false
                },
                {
                  "title": "should return not authorized destination number message (SELF)",
                  "fullTitle": "COMPTE BUNDLE ROAMING API Tests Failed response should return not authorized destination number message (SELF)",
                  "timedOut": null,
                  "duration": 121,
                  "state": "passed",
                  "speed": "fast",
                  "pass": true,
                  "fail": false,
                  "pending": false,
                  "context": null,
                  "code": "cy.request({\n  method: 'POST',\n  url: validEndpoint,\n  body: notAuthorizedNumberBodySELF,\n  headers: {\n    'Content-Type': 'application/json'\n  },\n  failOnStatusCode: false\n}).then(response => {\n  expect(response.status).to.equal(200);\n  expect(response.body).to.be.jsonSchema(responseSchema);\n  expect(response.body['command-id']).to.equal('BILL');\n  expect(response.body['request-id']).to.equal(randomId);\n  expect(response.body.status).to.equal(51);\n  expect(response.body['trans-id']).to.match(/^BILL\\d{6}\\.\\d{4}\\.R\\d{5}$/);\n  notAuthorizedNumMESSAGE.forEach(part => {\n    expect(response.body.message).to.include(part);\n  });\n});",
                  "err": {},
                  "uuid": "97072270-15d5-4b69-b343-a7ecc1f34715",
                  "parentUUID": "27d7921d-3bd0-46a9-8630-6588f19fc055",
                  "isHook": false,
                  "skipped": false
                },
                {
                  "title": "should return not authorized destination number message (OTHERS)",
                  "fullTitle": "COMPTE BUNDLE ROAMING API Tests Failed response should return not authorized destination number message (OTHERS)",
                  "timedOut": null,
                  "duration": 422,
                  "state": "passed",
                  "speed": "fast",
                  "pass": true,
                  "fail": false,
                  "pending": false,
                  "context": null,
                  "code": "cy.request({\n  method: 'POST',\n  url: validEndpoint,\n  body: notAuthorizedNumberBodyOTHERS,\n  headers: {\n    'Content-Type': 'application/json'\n  },\n  failOnStatusCode: false\n}).then(response => {\n  expect(response.status).to.equal(200);\n  expect(response.body).to.be.jsonSchema(responseSchema);\n  expect(response.body['command-id']).to.equal('BILL');\n  expect(response.body['request-id']).to.equal(randomId);\n  expect(response.body.status).to.equal(51);\n  expect(response.body['trans-id']).to.match(/^BILL\\d{6}\\.\\d{4}\\.R\\d{5}$/);\n  notAuthorizedNumMESSAGE.forEach(part => {\n    expect(response.body.message).to.include(part);\n  });\n});",
                  "err": {},
                  "uuid": "adb03621-a85a-477c-9066-a2000254612c",
                  "parentUUID": "27d7921d-3bd0-46a9-8630-6588f19fc055",
                  "isHook": false,
                  "skipped": false
                },
                {
                  "title": "should return not authorized sender number message (SELF)",
                  "fullTitle": "COMPTE BUNDLE ROAMING API Tests Failed response should return not authorized sender number message (SELF)",
                  "timedOut": null,
                  "duration": 124,
                  "state": "passed",
                  "speed": "fast",
                  "pass": true,
                  "fail": false,
                  "pending": false,
                  "context": null,
                  "code": "cy.request({\n  method: 'POST',\n  url: validEndpoint,\n  body: notAuthorizedSenderNumBodySELF,\n  headers: {\n    'Content-Type': 'application/json'\n  },\n  failOnStatusCode: false\n}).then(response => {\n  expect(response.status).to.equal(200);\n  expect(response.body).to.be.jsonSchema(responseSchema);\n  expect(response.body['command-id']).to.equal('BILL');\n  expect(response.body['request-id']).to.equal(randomId);\n  expect(response.body.status).to.equal(4);\n  expect(response.body['trans-id']).to.match(/^BILL\\d{6}\\.\\d{4}\\.R\\d{5}$/);\n  notAuthorizedSenderNumMESSAGE.forEach(part => {\n    expect(response.body.message).to.include(part);\n  });\n});",
                  "err": {},
                  "uuid": "80fc7a4d-6f80-42fb-9f40-96233666248c",
                  "parentUUID": "27d7921d-3bd0-46a9-8630-6588f19fc055",
                  "isHook": false,
                  "skipped": false
                },
                {
                  "title": "should return not authorized sender number message (OTHERS)",
                  "fullTitle": "COMPTE BUNDLE ROAMING API Tests Failed response should return not authorized sender number message (OTHERS)",
                  "timedOut": null,
                  "duration": 100,
                  "state": "passed",
                  "speed": "fast",
                  "pass": true,
                  "fail": false,
                  "pending": false,
                  "context": null,
                  "code": "cy.request({\n  method: 'POST',\n  url: validEndpoint,\n  body: notAuthorizedSenderNumBodyOTHERS,\n  headers: {\n    'Content-Type': 'application/json'\n  },\n  failOnStatusCode: false\n}).then(response => {\n  expect(response.status).to.equal(200);\n  expect(response.body).to.be.jsonSchema(responseSchema);\n  expect(response.body['command-id']).to.equal('BILL');\n  expect(response.body['request-id']).to.equal(randomId);\n  expect(response.body.status).to.equal(4);\n  expect(response.body['trans-id']).to.match(/^BILL\\d{6}\\.\\d{4}\\.R\\d{5}$/);\n  notAuthorizedSenderNumMESSAGE.forEach(part => {\n    expect(response.body.message).to.include(part);\n  });\n});",
                  "err": {},
                  "uuid": "e143c0c0-5d9e-4e69-bff6-fecd97c55dc6",
                  "parentUUID": "27d7921d-3bd0-46a9-8630-6588f19fc055",
                  "isHook": false,
                  "skipped": false
                }
              ],
              "suites": [],
              "passes": [
                "00930a3a-2a30-45a1-97ca-50a416d7bef3",
                "dfa1cc72-80f4-44fb-bddb-471c8973396a",
                "e98bb927-1ebd-4866-b91b-792a524febd9",
                "97072270-15d5-4b69-b343-a7ecc1f34715",
                "adb03621-a85a-477c-9066-a2000254612c",
                "80fc7a4d-6f80-42fb-9f40-96233666248c",
                "e143c0c0-5d9e-4e69-bff6-fecd97c55dc6"
              ],
              "failures": [
                "e62e9806-8c40-4106-a2a0-71f1ae470a7f"
              ],
              "pending": [],
              "skipped": [],
              "duration": 1616,
              "root": false,
              "rootEmpty": false,
              "_timeout": 2000
            }
          ],
          "passes": [],
          "failures": [],
          "pending": [],
          "skipped": [],
          "duration": 0,
          "root": false,
          "rootEmpty": false,
          "_timeout": 2000
        }
      ],
      "passes": [],
      "failures": [],
      "pending": [],
      "skipped": [],
      "duration": 0,
      "root": true,
      "rootEmpty": true,
      "_timeout": 2000
    }
  ],
  "meta": {
    "mocha": {
      "version": "7.2.0"
    },
    "mochawesome": {
      "options": {
        "quiet": false,
        "reportFilename": "mochawesome",
        "saveHtml": false,
        "saveJson": true,
        "consoleReporter": "spec",
        "useInlineDiffs": false,
        "code": true
      },
      "version": "7.1.3"
    },
    "marge": {
      "options": {
        "overwrite": false,
        "html": false,
        "json": true
      },
      "version": "6.2.0"
    }
  }
}