{
  "stats": {
    "suites": 3,
    "tests": 6,
    "passes": 5,
    "pending": 0,
    "failures": 1,
    "start": "2025-09-05T11:12:28.918Z",
    "end": "2025-09-05T11:12:29.937Z",
    "duration": 1019,
    "testsRegistered": 6,
    "passPercent": 83.33333333333334,
    "pendingPercent": 0,
    "other": 0,
    "hasOther": false,
    "skipped": 0,
    "hasSkipped": false
  },
  "results": [
    {
      "uuid": "bc044bd7-54cf-4792-8a9b-73ef568b029f",
      "title": "",
      "fullFile": "cypress\\e2e\\API-TEST\\INTERNAL_TRANSACTION\\cash-in.cy.js",
      "file": "cypress\\e2e\\API-TEST\\INTERNAL_TRANSACTION\\cash-in.cy.js",
      "beforeHooks": [],
      "afterHooks": [],
      "tests": [],
      "suites": [
        {
          "uuid": "820cfbaa-c9b7-4bf3-8a01-a0c13ed46ab9",
          "title": "CASH IN API Tests",
          "fullFile": "",
          "file": "",
          "beforeHooks": [],
          "afterHooks": [],
          "tests": [],
          "suites": [
            {
              "uuid": "b46246f2-f179-4a7d-9410-59ab95ffb7dd",
              "title": "Successful cashin transaction",
              "fullFile": "",
              "file": "",
              "beforeHooks": [],
              "afterHooks": [],
              "tests": [
                {
                  "title": "should process cashin transaction and return success response",
                  "fullTitle": "CASH IN API Tests Successful cashin transaction should process cashin transaction and return success response",
                  "timedOut": null,
                  "duration": 360,
                  "state": "failed",
                  "speed": null,
                  "pass": false,
                  "fail": true,
                  "pending": false,
                  "context": null,
                  "code": "cy.request({\n  method: 'POST',\n  url: validEndpoint,\n  body: requestBody,\n  headers: {\n    'Content-Type': 'application/json'\n  }\n}).then(response => {\n  // Validate response status\n  expect(response.status).to.equal(200);\n  // Validate response structure\n  const responseSchema = {\n    title: 'Cash Transfer Response Schema',\n    type: 'object',\n    required: ['command-id', 'trans-id', 'request-id', 'status', 'message'],\n    properties: {\n      'command-id': {\n        type: 'string'\n      },\n      'trans-id': {\n        type: 'string'\n      },\n      'request-id': {\n        type: 'string'\n      },\n      'status': {\n        type: 'integer'\n      },\n      'message': {\n        type: 'string'\n      }\n    }\n  };\n  expect(response.body).to.be.jsonSchema(responseSchema);\n  // Validate response values\n  expect(response.body['command-id']).to.equal('CSIN');\n  expect(response.body['request-id']).to.equal(randomId);\n  expect(response.body.status).to.equal(0);\n  expect(response.body['trans-id']).to.match(/^CSIN\\d{6}\\.\\d{4}\\.R\\d{5}$/);\n  expect(response.body.message).to.contains('Vous avez envoye');\n});",
                  "err": {
                    "message": "AssertionError: expected 5 to equal 0",
                    "estack": "AssertionError: expected 5 to equal 0\n    at Context.eval (webpack://cypess-api-test/./cypress/e2e/API-TEST/INTERNAL_TRANSACTION/cash-in.cy.js:57:48)\n    at getRet (http://localhost:57486/__cypress/runner/cypress_runner.js:121549:20)\n    at tryCatcher (http://localhost:57486/__cypress/runner/cypress_runner.js:1777:23)\n    at Promise.attempt.Promise.try (http://localhost:57486/__cypress/runner/cypress_runner.js:4285:29)\n    at Context.thenFn (http://localhost:57486/__cypress/runner/cypress_runner.js:121560:66)\n    at Context.then (http://localhost:57486/__cypress/runner/cypress_runner.js:121811:21)",
                    "diff": null
                  },
                  "uuid": "d9b63641-8627-420e-bf0a-91910acfdc13",
                  "parentUUID": "b46246f2-f179-4a7d-9410-59ab95ffb7dd",
                  "isHook": false,
                  "skipped": false
                }
              ],
              "suites": [],
              "passes": [],
              "failures": [
                "d9b63641-8627-420e-bf0a-91910acfdc13"
              ],
              "pending": [],
              "skipped": [],
              "duration": 360,
              "root": false,
              "rootEmpty": false,
              "_timeout": 2000
            },
            {
              "uuid": "438715d9-0116-4351-ad43-ad9e81d99abb",
              "title": "Failed response",
              "fullFile": "",
              "file": "",
              "beforeHooks": [],
              "afterHooks": [],
              "tests": [
                {
                  "title": "should return 404 for invalid endpoint",
                  "fullTitle": "CASH IN API Tests Failed response should return 404 for invalid endpoint",
                  "timedOut": null,
                  "duration": 84,
                  "state": "passed",
                  "speed": "fast",
                  "pass": true,
                  "fail": false,
                  "pending": false,
                  "context": null,
                  "code": "cy.request({\n  method: 'POST',\n  url: invalidEndpoint,\n  body: requestBody,\n  headers: {\n    'Content-Type': 'application/json'\n  },\n  failOnStatusCode: false\n}).then(response => {\n  // Verify Not Found response\n  expect(response.status).to.equal(404);\n});",
                  "err": {},
                  "uuid": "0c8c7df3-d4e2-4312-ac41-fb4508611f9e",
                  "parentUUID": "438715d9-0116-4351-ad43-ad9e81d99abb",
                  "isHook": false,
                  "skipped": false
                },
                {
                  "title": "should return invalid PIN message",
                  "fullTitle": "CASH IN API Tests Failed response should return invalid PIN message",
                  "timedOut": null,
                  "duration": 112,
                  "state": "passed",
                  "speed": "fast",
                  "pass": true,
                  "fail": false,
                  "pending": false,
                  "context": null,
                  "code": "const invalidPINBody = {\n  \"request-id\": randomId,\n  \"command-id\": \"CSIN\",\n  \"sender\": \"2250142373758\",\n  \"destination\": \"2250102919300\",\n  \"auth\": \"1234\",\n  //invalid PIN\n  \"amount\": \"1200\",\n  \"remarks\": \"\",\n  \"extended-data\": {\n    \"lang\": \"F\",\n    \"cellid\": \"\"\n  }\n};\ncy.request({\n  method: 'POST',\n  url: validEndpoint,\n  body: invalidPINBody,\n  headers: {\n    'Content-Type': 'application/json'\n  },\n  failOnStatusCode: false\n}).then(response => {\n  expect(response.status).to.equal(200);\n  expect(response.body['command-id']).to.equal('CSIN');\n  expect(response.body['request-id']).to.equal(randomId);\n  expect(response.body.status).to.equal(8);\n  expect(response.body['trans-id']).to.match(/^CSIN\\d{6}\\.\\d{4}\\.R\\d{5}$/);\n  // Validate message content\n  const invalidPINmessage = [\"Le code secret que vous avez saisi est errone,veuillez reessayer svp ou  RDV avec votre piece d'identite dans l'agence Moov la plus proche pour le reinitialiser.\"];\n  invalidPINmessage.forEach(part => {\n    expect(response.body.message).to.include(part);\n  });\n});",
                  "err": {},
                  "uuid": "ef2d446e-7373-4e0a-a72d-ef90e797978f",
                  "parentUUID": "438715d9-0116-4351-ad43-ad9e81d99abb",
                  "isHook": false,
                  "skipped": false
                },
                {
                  "title": "should return invalid destination number message",
                  "fullTitle": "CASH IN API Tests Failed response should return invalid destination number message",
                  "timedOut": null,
                  "duration": 97,
                  "state": "passed",
                  "speed": "fast",
                  "pass": true,
                  "fail": false,
                  "pending": false,
                  "context": null,
                  "code": "const invalidDestinationNumberBody = {\n  \"request-id\": randomId,\n  \"command-id\": \"CSIN\",\n  \"sender\": \"2250142373758\",\n  \"destination\": \"invalid_destination\",\n  //invalid destination number\n  \"auth\": \"2222\",\n  \"amount\": \"1200\",\n  \"remarks\": \"\",\n  \"extended-data\": {\n    \"lang\": \"F\",\n    \"cellid\": \"\"\n  }\n};\ncy.request({\n  method: 'POST',\n  url: validEndpoint,\n  body: invalidDestinationNumberBody,\n  headers: {\n    'Content-Type': 'application/json'\n  },\n  failOnStatusCode: false\n}).then(response => {\n  expect(response.status).to.equal(200);\n  expect(response.body['command-id']).to.equal('CSIN');\n  expect(response.body['request-id']).to.equal(randomId);\n  expect(response.body.status).to.equal(3);\n  expect(response.body['trans-id']).to.match(/^CSIN\\d{6}\\.\\d{4}\\.R\\d{5}$/);\n  // Validate message content\n  const invalidDestinationNumberMESSAGE = [\"Le numero que vous avez entre n'est pas valide. Merci de verifier et reessayer svp . \"];\n  invalidDestinationNumberMESSAGE.forEach(part => {\n    expect(response.body.message).to.include(part);\n  });\n});",
                  "err": {},
                  "uuid": "5e88a64b-0c97-4119-87f8-f5b21cf0774a",
                  "parentUUID": "438715d9-0116-4351-ad43-ad9e81d99abb",
                  "isHook": false,
                  "skipped": false
                },
                {
                  "title": "should return invalid sender number message",
                  "fullTitle": "CASH IN API Tests Failed response should return invalid sender number message",
                  "timedOut": null,
                  "duration": 97,
                  "state": "passed",
                  "speed": "fast",
                  "pass": true,
                  "fail": false,
                  "pending": false,
                  "context": null,
                  "code": "const invalidsenderNumberBody = {\n  \"request-id\": randomId,\n  \"command-id\": \"CSIN\",\n  \"sender\": \"invalid_sender\",\n  //invalid sender number\n  \"destination\": \"2250102919300\",\n  \"auth\": \"2222\",\n  \"amount\": \"1233\",\n  \"remarks\": \"\",\n  \"extended-data\": {\n    \"lang\": \"F\",\n    \"cellid\": \"\"\n  }\n};\ncy.request({\n  method: 'POST',\n  url: validEndpoint,\n  body: invalidsenderNumberBody,\n  headers: {\n    'Content-Type': 'application/json'\n  },\n  failOnStatusCode: false\n}).then(response => {\n  expect(response.status).to.equal(200);\n  expect(response.body['command-id']).to.equal('CSIN');\n  expect(response.body['request-id']).to.equal(randomId);\n  expect(response.body.status).to.equal(4);\n  expect(response.body['trans-id']).to.match(/^CSIN\\d{6}\\.\\d{4}\\.R\\d{5}$/);\n  // Validate message content\n  const invalidSenderNumberMESSAGE = [\"Desole, vous n'etes pas autorise a effectuer cette transaction.\"];\n  invalidSenderNumberMESSAGE.forEach(part => {\n    expect(response.body.message).to.include(part);\n  });\n});",
                  "err": {},
                  "uuid": "1e340723-a9ea-44d2-b6e4-ee84ecaa42af",
                  "parentUUID": "438715d9-0116-4351-ad43-ad9e81d99abb",
                  "isHook": false,
                  "skipped": false
                },
                {
                  "title": "should return not authorized sender number message",
                  "fullTitle": "CASH IN API Tests Failed response should return not authorized sender number message",
                  "timedOut": null,
                  "duration": 110,
                  "state": "passed",
                  "speed": "fast",
                  "pass": true,
                  "fail": false,
                  "pending": false,
                  "context": null,
                  "code": "const notAuthorizedsender = {\n  \"request-id\": randomId,\n  \"command-id\": \"CSIN\",\n  \"sender\": \"2250142373758\",\n  //not authorized sender number\n  \"destination\": \"2250102919300\",\n  \"auth\": \"2222\",\n  \"amount\": \"1233\",\n  \"remarks\": \"\",\n  \"extended-data\": {\n    \"lang\": \"F\",\n    \"cellid\": \"\"\n  }\n};\ncy.request({\n  method: 'POST',\n  url: validEndpoint,\n  body: notAuthorizedsender,\n  headers: {\n    'Content-Type': 'application/json'\n  },\n  failOnStatusCode: false\n}).then(response => {\n  expect(response.status).to.equal(200);\n  expect(response.body['command-id']).to.equal('CSIN');\n  expect(response.body['request-id']).to.equal(randomId);\n  expect(response.body.status).to.equal(5);\n  expect(response.body['trans-id']).to.match(/^CSIN\\d{6}\\.\\d{4}\\.R\\d{5}$/);\n  // Validate message content\n  const invalidSenderNumberMESSAGE = [\"Desole, vous n'etes pas autorise a effectuer cette transaction.\"];\n  invalidSenderNumberMESSAGE.forEach(part => {\n    expect(response.body.message).to.include(part);\n  });\n});",
                  "err": {},
                  "uuid": "ddc5dc9d-d4a1-4970-8167-97e438d76701",
                  "parentUUID": "438715d9-0116-4351-ad43-ad9e81d99abb",
                  "isHook": false,
                  "skipped": false
                }
              ],
              "suites": [],
              "passes": [
                "0c8c7df3-d4e2-4312-ac41-fb4508611f9e",
                "ef2d446e-7373-4e0a-a72d-ef90e797978f",
                "5e88a64b-0c97-4119-87f8-f5b21cf0774a",
                "1e340723-a9ea-44d2-b6e4-ee84ecaa42af",
                "ddc5dc9d-d4a1-4970-8167-97e438d76701"
              ],
              "failures": [],
              "pending": [],
              "skipped": [],
              "duration": 500,
              "root": false,
              "rootEmpty": false,
              "_timeout": 2000
            }
          ],
          "passes": [],
          "failures": [],
          "pending": [],
          "skipped": [],
          "duration": 0,
          "root": false,
          "rootEmpty": false,
          "_timeout": 2000
        }
      ],
      "passes": [],
      "failures": [],
      "pending": [],
      "skipped": [],
      "duration": 0,
      "root": true,
      "rootEmpty": true,
      "_timeout": 2000
    }
  ],
  "meta": {
    "mocha": {
      "version": "7.2.0"
    },
    "mochawesome": {
      "options": {
        "quiet": false,
        "reportFilename": "mochawesome",
        "saveHtml": false,
        "saveJson": true,
        "consoleReporter": "spec",
        "useInlineDiffs": false,
        "code": true
      },
      "version": "7.1.3"
    },
    "marge": {
      "options": {
        "overwrite": false,
        "html": false,
        "json": true
      },
      "version": "6.2.0"
    }
  }
}