{
  "stats": {
    "suites": 3,
    "tests": 5,
    "passes": 0,
    "pending": 0,
    "failures": 5,
    "start": "2025-09-04T17:23:43.982Z",
    "end": "2025-09-04T17:23:47.679Z",
    "duration": 3697,
    "testsRegistered": 5,
    "passPercent": 0,
    "pendingPercent": 0,
    "other": 0,
    "hasOther": false,
    "skipped": 0,
    "hasSkipped": false
  },
  "results": [
    {
      "uuid": "cb547cdf-233d-4c87-b604-ae8099ad6311",
      "title": "",
      "fullFile": "cypress\\e2e\\API-TEST\\INTERNAL_TRANSACTION\\xcash_to-other-countries.cy.js",
      "file": "cypress\\e2e\\API-TEST\\INTERNAL_TRANSACTION\\xcash_to-other-countries.cy.js",
      "beforeHooks": [],
      "afterHooks": [],
      "tests": [],
      "suites": [
        {
          "uuid": "80199838-dc67-4491-a9e0-f5388dac7af2",
          "title": "XCASH API Tests",
          "fullFile": "",
          "file": "",
          "beforeHooks": [],
          "afterHooks": [],
          "tests": [],
          "suites": [
            {
              "uuid": "db46c4e2-3280-451c-bfe8-fbb85970e982",
              "title": "Successful XCASH Transfer",
              "fullFile": "",
              "file": "",
              "beforeHooks": [],
              "afterHooks": [],
              "tests": [
                {
                  "title": "should process of xcash transaction and return success response",
                  "fullTitle": "XCASH API Tests Successful XCASH Transfer should process of xcash transaction and return success response",
                  "timedOut": null,
                  "duration": 743,
                  "state": "failed",
                  "speed": null,
                  "pass": false,
                  "fail": true,
                  "pending": false,
                  "context": null,
                  "code": "cy.request({\n  method: 'POST',\n  url: validEndpoint,\n  body: requestBody,\n  headers: {\n    'Content-Type': 'application/json'\n  }\n}).then(response => {\n  // Validate response status\n  expect(response.status).to.equal(200);\n  // Validate response structure\n  const responseSchema = {\n    title: 'Cash Transfer Response Schema',\n    type: 'object',\n    required: ['command-id', 'trans-id', 'request-id', 'status', 'message'],\n    properties: {\n      'command-id': {\n        type: 'string'\n      },\n      'trans-id': {\n        type: 'string'\n      },\n      'request-id': {\n        type: 'string'\n      },\n      'status': {\n        type: 'integer'\n      },\n      'message': {\n        type: 'string'\n      }\n    }\n  };\n  expect(response.body).to.be.jsonSchema(responseSchema);\n  // Validate response values\n  expect(response.body['command-id']).to.equal('XCASH');\n  expect(response.body['request-id']).to.equal(randomId);\n  expect(response.body.status).to.equal(0);\n  expect(response.body['trans-id']).to.match(/^XCASH\\d{6}\\.\\d{4}\\.R\\d{5}$/);\n  expect(response.body.message).to.contains('Vous avez transfere');\n});",
                  "err": {
                    "message": "CypressError: `cy.request()` failed trying to load:\n\nhttp://127.0.0.1:8881/Prod_200_AppManagerWildFly21/gateway/transaction\n\nWe attempted to make an http request to this URL but the request failed without a response.\n\nWe received this error at the network level:\n\n  > Error: connect ECONNREFUSED 127.0.0.1:8881\n\n-----------------------------------------------------------\n\nThe request we sent was:\n\nMethod: POST\nURL: http://127.0.0.1:8881/Prod_200_AppManagerWildFly21/gateway/transaction\n\n-----------------------------------------------------------\n\nCommon situations why this would fail:\n  - you don't have internet access\n  - you forgot to run / boot your web server\n  - your web server isn't accessible\n  - you have weird network configuration settings on your computer\n\nhttps://on.cypress.io/request",
                    "estack": "CypressError: `cy.request()` failed trying to load:\n\nhttp://127.0.0.1:8881/Prod_200_AppManagerWildFly21/gateway/transaction\n\nWe attempted to make an http request to this URL but the request failed without a response.\n\nWe received this error at the network level:\n\n  > Error: connect ECONNREFUSED 127.0.0.1:8881\n\n-----------------------------------------------------------\n\nThe request we sent was:\n\nMethod: POST\nURL: http://127.0.0.1:8881/Prod_200_AppManagerWildFly21/gateway/transaction\n\n-----------------------------------------------------------\n\nCommon situations why this would fail:\n  - you don't have internet access\n  - you forgot to run / boot your web server\n  - your web server isn't accessible\n  - you have weird network configuration settings on your computer\n\nhttps://on.cypress.io/request\n    at <unknown> (http://localhost:57707/__cypress/runner/cypress_runner.js:136280:70)\n    at tryCatcher (http://localhost:57707/__cypress/runner/cypress_runner.js:1777:23)\n    at <unknown> (http://localhost:57707/__cypress/runner/cypress_runner.js:4173:37)\n    at tryCatcher (http://localhost:57707/__cypress/runner/cypress_runner.js:1777:23)\n    at Promise._settlePromiseFromHandler (http://localhost:57707/__cypress/runner/cypress_runner.js:1489:31)\n    at Promise._settlePromise (http://localhost:57707/__cypress/runner/cypress_runner.js:1546:18)\n    at Promise._settlePromise0 (http://localhost:57707/__cypress/runner/cypress_runner.js:1591:10)\n    at Promise._settlePromises (http://localhost:57707/__cypress/runner/cypress_runner.js:1667:18)\n    at _drainQueueStep (http://localhost:57707/__cypress/runner/cypress_runner.js:2377:12)\n    at _drainQueue (http://localhost:57707/__cypress/runner/cypress_runner.js:2370:9)\n    at Async._drainQueues (http://localhost:57707/__cypress/runner/cypress_runner.js:2386:5)\n    at Async.drainQueues (http://localhost:57707/__cypress/runner/cypress_runner.js:2256:14)\nFrom Your Spec Code:\n    at Context.eval (webpack://cypess-api-test/./cypress/e2e/API-TEST/INTERNAL_TRANSACTION/xcash_to-other-countries.cy.js:35:15)\n\nFrom Node.js Internals:\n  RequestError: Error: connect ECONNREFUSED 127.0.0.1:8881\n      at new r (<embedded>:227:402397)\n      at ee.callback (<embedded>:227:408398)\n      at e.callback.s.callback [as _callback] (<embedded>:227:407844)\n      at s._callback.s.callback.s.callback (<embedded>:290:107368)\n      at ee.emit (node:events:518:28)\n      at ee.onRequestError (<embedded>:290:116310)\n      at ClientRequest.emit (node:events:530:35)\n      at emitErrorEvent (node:_http_client:104:11)\n      at Socket.socketErrorListener (node:_http_client:518:5)\n      at Socket.emit (node:events:518:28)\n      at emitErrorNT (node:internal/streams/destroy:170:8)\n      at emitErrorCloseNT (node:internal/streams/destroy:129:3)\n      at process.processTicksAndRejections (node:internal/process/task_queues:90:21)",
                    "diff": null
                  },
                  "uuid": "43db76de-4220-4a7e-8ee1-f597a49799d5",
                  "parentUUID": "db46c4e2-3280-451c-bfe8-fbb85970e982",
                  "isHook": false,
                  "skipped": false
                }
              ],
              "suites": [],
              "passes": [],
              "failures": [
                "43db76de-4220-4a7e-8ee1-f597a49799d5"
              ],
              "pending": [],
              "skipped": [],
              "duration": 743,
              "root": false,
              "rootEmpty": false,
              "_timeout": 2000
            },
            {
              "uuid": "d46c3929-a320-4d6d-bf57-77486e0d7b94",
              "title": "Failed response",
              "fullFile": "",
              "file": "",
              "beforeHooks": [],
              "afterHooks": [],
              "tests": [
                {
                  "title": "should return 404 for invalid endpoint",
                  "fullTitle": "XCASH API Tests Failed response should return 404 for invalid endpoint",
                  "timedOut": null,
                  "duration": 691,
                  "state": "failed",
                  "speed": null,
                  "pass": false,
                  "fail": true,
                  "pending": false,
                  "context": null,
                  "code": "cy.request({\n  method: 'POST',\n  url: invalidEndpoint,\n  body: requestBody,\n  headers: {\n    'Content-Type': 'application/json'\n  },\n  failOnStatusCode: false\n}).then(response => {\n  // Verify Not Found response\n  expect(response.status).to.equal(404);\n});",
                  "err": {
                    "message": "CypressError: `cy.request()` failed trying to load:\n\nhttp://127.0.0.1:8881/Prod_200_AppManagerWildFly21/gateway\n\nWe attempted to make an http request to this URL but the request failed without a response.\n\nWe received this error at the network level:\n\n  > Error: connect ECONNREFUSED 127.0.0.1:8881\n\n-----------------------------------------------------------\n\nThe request we sent was:\n\nMethod: POST\nURL: http://127.0.0.1:8881/Prod_200_AppManagerWildFly21/gateway\n\n-----------------------------------------------------------\n\nCommon situations why this would fail:\n  - you don't have internet access\n  - you forgot to run / boot your web server\n  - your web server isn't accessible\n  - you have weird network configuration settings on your computer\n\nhttps://on.cypress.io/request",
                    "estack": "CypressError: `cy.request()` failed trying to load:\n\nhttp://127.0.0.1:8881/Prod_200_AppManagerWildFly21/gateway\n\nWe attempted to make an http request to this URL but the request failed without a response.\n\nWe received this error at the network level:\n\n  > Error: connect ECONNREFUSED 127.0.0.1:8881\n\n-----------------------------------------------------------\n\nThe request we sent was:\n\nMethod: POST\nURL: http://127.0.0.1:8881/Prod_200_AppManagerWildFly21/gateway\n\n-----------------------------------------------------------\n\nCommon situations why this would fail:\n  - you don't have internet access\n  - you forgot to run / boot your web server\n  - your web server isn't accessible\n  - you have weird network configuration settings on your computer\n\nhttps://on.cypress.io/request\n    at <unknown> (http://localhost:57707/__cypress/runner/cypress_runner.js:136280:70)\n    at tryCatcher (http://localhost:57707/__cypress/runner/cypress_runner.js:1777:23)\n    at <unknown> (http://localhost:57707/__cypress/runner/cypress_runner.js:4173:37)\n    at tryCatcher (http://localhost:57707/__cypress/runner/cypress_runner.js:1777:23)\n    at Promise._settlePromiseFromHandler (http://localhost:57707/__cypress/runner/cypress_runner.js:1489:31)\n    at Promise._settlePromise (http://localhost:57707/__cypress/runner/cypress_runner.js:1546:18)\n    at Promise._settlePromise0 (http://localhost:57707/__cypress/runner/cypress_runner.js:1591:10)\n    at Promise._settlePromises (http://localhost:57707/__cypress/runner/cypress_runner.js:1667:18)\n    at _drainQueueStep (http://localhost:57707/__cypress/runner/cypress_runner.js:2377:12)\n    at _drainQueue (http://localhost:57707/__cypress/runner/cypress_runner.js:2370:9)\n    at Async._drainQueues (http://localhost:57707/__cypress/runner/cypress_runner.js:2386:5)\n    at Async.drainQueues (http://localhost:57707/__cypress/runner/cypress_runner.js:2256:14)\nFrom Your Spec Code:\n    at Context.eval (webpack://cypess-api-test/./cypress/e2e/API-TEST/INTERNAL_TRANSACTION/xcash_to-other-countries.cy.js:74:15)\n\nFrom Node.js Internals:\n  RequestError: Error: connect ECONNREFUSED 127.0.0.1:8881\n      at new r (<embedded>:227:402397)\n      at ee.callback (<embedded>:227:408398)\n      at e.callback.s.callback [as _callback] (<embedded>:227:407844)\n      at s._callback.s.callback.s.callback (<embedded>:290:107368)\n      at ee.emit (node:events:518:28)\n      at ee.onRequestError (<embedded>:290:116310)\n      at ClientRequest.emit (node:events:530:35)\n      at emitErrorEvent (node:_http_client:104:11)\n      at Socket.socketErrorListener (node:_http_client:518:5)\n      at Socket.emit (node:events:518:28)\n      at emitErrorNT (node:internal/streams/destroy:170:8)\n      at emitErrorCloseNT (node:internal/streams/destroy:129:3)\n      at process.processTicksAndRejections (node:internal/process/task_queues:90:21)",
                    "diff": null
                  },
                  "uuid": "773b3fb8-ec02-45e8-bf24-e67ede9c121f",
                  "parentUUID": "d46c3929-a320-4d6d-bf57-77486e0d7b94",
                  "isHook": false,
                  "skipped": false
                },
                {
                  "title": "should return invalid PIN message",
                  "fullTitle": "XCASH API Tests Failed response should return invalid PIN message",
                  "timedOut": null,
                  "duration": 688,
                  "state": "failed",
                  "speed": null,
                  "pass": false,
                  "fail": true,
                  "pending": false,
                  "context": null,
                  "code": "const invalidPINBody = {\n  \"request-id\": randomId,\n  \"sender\": \"2250102919300\",\n  \"destination\": \"XBORDER_SEND_BJ\",\n  \"command-id\": \"XCASH\",\n  \"auth\": \"1234\",\n  //invalid PIN\n  \"amount\": \"500\",\n  \"remarks\": \"\",\n  \"extended-data\": {\n    \"custommessage\": \"\",\n    \"lang\": \"F\",\n    \"cellid\": \"1234\",\n    \"biller-reference\": \"\",\n    \"ext2\": \"\",\n    \"ext1\": \"\",\n    \"biller-code\": \"\",\n    \"biller-name\": \"XBORDER_SEND_BJ\",\n    \"account-number\": \"\",\n    \"recipient\": \"2290101080452\"\n  }\n};\ncy.request({\n  method: 'POST',\n  url: validEndpoint,\n  body: invalidPINBody,\n  headers: {\n    'Content-Type': 'application/json'\n  },\n  failOnStatusCode: false\n}).then(response => {\n  expect(response.status).to.equal(200);\n  expect(response.body['command-id']).to.equal('XCASH');\n  expect(response.body['request-id']).to.equal(randomId);\n  expect(response.body.status).to.equal(8);\n  expect(response.body['trans-id']).to.match(/^XCASH\\d{6}\\.\\d{4}\\.R\\d{5}$/);\n  // Validate message content\n  const invalidPINmessage = [\"Le code secret que vous avez saisi est errone,veuillez reessayer svp ou  RDV avec votre piece d'identite dans l'agence Moov la plus proche pour le reinitialiser.\"];\n  invalidPINmessage.forEach(part => {\n    expect(response.body.message).to.include(part);\n  });\n});",
                  "err": {
                    "message": "CypressError: `cy.request()` failed trying to load:\n\nhttp://127.0.0.1:8881/Prod_200_AppManagerWildFly21/gateway/transaction\n\nWe attempted to make an http request to this URL but the request failed without a response.\n\nWe received this error at the network level:\n\n  > Error: connect ECONNREFUSED 127.0.0.1:8881\n\n-----------------------------------------------------------\n\nThe request we sent was:\n\nMethod: POST\nURL: http://127.0.0.1:8881/Prod_200_AppManagerWildFly21/gateway/transaction\n\n-----------------------------------------------------------\n\nCommon situations why this would fail:\n  - you don't have internet access\n  - you forgot to run / boot your web server\n  - your web server isn't accessible\n  - you have weird network configuration settings on your computer\n\nhttps://on.cypress.io/request",
                    "estack": "CypressError: `cy.request()` failed trying to load:\n\nhttp://127.0.0.1:8881/Prod_200_AppManagerWildFly21/gateway/transaction\n\nWe attempted to make an http request to this URL but the request failed without a response.\n\nWe received this error at the network level:\n\n  > Error: connect ECONNREFUSED 127.0.0.1:8881\n\n-----------------------------------------------------------\n\nThe request we sent was:\n\nMethod: POST\nURL: http://127.0.0.1:8881/Prod_200_AppManagerWildFly21/gateway/transaction\n\n-----------------------------------------------------------\n\nCommon situations why this would fail:\n  - you don't have internet access\n  - you forgot to run / boot your web server\n  - your web server isn't accessible\n  - you have weird network configuration settings on your computer\n\nhttps://on.cypress.io/request\n    at <unknown> (http://localhost:57707/__cypress/runner/cypress_runner.js:136280:70)\n    at tryCatcher (http://localhost:57707/__cypress/runner/cypress_runner.js:1777:23)\n    at <unknown> (http://localhost:57707/__cypress/runner/cypress_runner.js:4173:37)\n    at tryCatcher (http://localhost:57707/__cypress/runner/cypress_runner.js:1777:23)\n    at Promise._settlePromiseFromHandler (http://localhost:57707/__cypress/runner/cypress_runner.js:1489:31)\n    at Promise._settlePromise (http://localhost:57707/__cypress/runner/cypress_runner.js:1546:18)\n    at Promise._settlePromise0 (http://localhost:57707/__cypress/runner/cypress_runner.js:1591:10)\n    at Promise._settlePromises (http://localhost:57707/__cypress/runner/cypress_runner.js:1667:18)\n    at _drainQueueStep (http://localhost:57707/__cypress/runner/cypress_runner.js:2377:12)\n    at _drainQueue (http://localhost:57707/__cypress/runner/cypress_runner.js:2370:9)\n    at Async._drainQueues (http://localhost:57707/__cypress/runner/cypress_runner.js:2386:5)\n    at Async.drainQueues (http://localhost:57707/__cypress/runner/cypress_runner.js:2256:14)\nFrom Your Spec Code:\n    at Context.eval (webpack://cypess-api-test/./cypress/e2e/API-TEST/INTERNAL_TRANSACTION/xcash_to-other-countries.cy.js:112:15)\n\nFrom Node.js Internals:\n  RequestError: Error: connect ECONNREFUSED 127.0.0.1:8881\n      at new r (<embedded>:227:402397)\n      at ee.callback (<embedded>:227:408398)\n      at e.callback.s.callback [as _callback] (<embedded>:227:407844)\n      at s._callback.s.callback.s.callback (<embedded>:290:107368)\n      at ee.emit (node:events:518:28)\n      at ee.onRequestError (<embedded>:290:116310)\n      at ClientRequest.emit (node:events:530:35)\n      at emitErrorEvent (node:_http_client:104:11)\n      at Socket.socketErrorListener (node:_http_client:518:5)\n      at Socket.emit (node:events:518:28)\n      at emitErrorNT (node:internal/streams/destroy:170:8)\n      at emitErrorCloseNT (node:internal/streams/destroy:129:3)\n      at process.processTicksAndRejections (node:internal/process/task_queues:90:21)",
                    "diff": null
                  },
                  "uuid": "412f798d-ac9e-45da-bb63-92832e875070",
                  "parentUUID": "d46c3929-a320-4d6d-bf57-77486e0d7b94",
                  "isHook": false,
                  "skipped": false
                },
                {
                  "title": "should return not authorized destination number message",
                  "fullTitle": "XCASH API Tests Failed response should return not authorized destination number message",
                  "timedOut": null,
                  "duration": 687,
                  "state": "failed",
                  "speed": null,
                  "pass": false,
                  "fail": true,
                  "pending": false,
                  "context": null,
                  "code": "const invalidDestinationNumberBody = {\n  \"request-id\": randomId,\n  \"sender\": \"2250102919300\",\n  \"destination\": \"invalid_destination\",\n  //not authorized\n  \"command-id\": \"XCASH\",\n  \"auth\": \"2222\",\n  \"amount\": \"200\",\n  \"remarks\": \"\",\n  \"extended-data\": {\n    \"custommessage\": \"\",\n    \"lang\": \"F\",\n    \"cellid\": \"1234\",\n    \"biller-reference\": \"\",\n    \"ext2\": \"\",\n    \"ext1\": \"\",\n    \"biller-code\": \"\",\n    \"biller-name\": \"XBORDER_SEND_BJ\",\n    \"account-number\": \"\",\n    \"recipient\": \"2290101080452\"\n  }\n};\ncy.request({\n  method: 'POST',\n  url: validEndpoint,\n  body: invalidDestinationNumberBody,\n  headers: {\n    'Content-Type': 'application/json'\n  },\n  failOnStatusCode: false\n}).then(response => {\n  expect(response.status).to.equal(200);\n  expect(response.body['command-id']).to.equal('XCASH');\n  expect(response.body['request-id']).to.equal(randomId);\n  expect(response.body.status).to.equal(51);\n  expect(response.body['trans-id']).to.match(/^XCASH\\d{6}\\.\\d{4}\\.R\\d{5}$/);\n  // Validate message content\n  const invalidDestinationNumberMESSAGE = [\"Desole, le numero du destinataire n'est pas autorise a recevoir un transfert d'argent.\"];\n  invalidDestinationNumberMESSAGE.forEach(part => {\n    expect(response.body.message).to.include(part);\n  });\n});",
                  "err": {
                    "message": "CypressError: `cy.request()` failed trying to load:\n\nhttp://127.0.0.1:8881/Prod_200_AppManagerWildFly21/gateway/transaction\n\nWe attempted to make an http request to this URL but the request failed without a response.\n\nWe received this error at the network level:\n\n  > Error: connect ECONNREFUSED 127.0.0.1:8881\n\n-----------------------------------------------------------\n\nThe request we sent was:\n\nMethod: POST\nURL: http://127.0.0.1:8881/Prod_200_AppManagerWildFly21/gateway/transaction\n\n-----------------------------------------------------------\n\nCommon situations why this would fail:\n  - you don't have internet access\n  - you forgot to run / boot your web server\n  - your web server isn't accessible\n  - you have weird network configuration settings on your computer\n\nhttps://on.cypress.io/request",
                    "estack": "CypressError: `cy.request()` failed trying to load:\n\nhttp://127.0.0.1:8881/Prod_200_AppManagerWildFly21/gateway/transaction\n\nWe attempted to make an http request to this URL but the request failed without a response.\n\nWe received this error at the network level:\n\n  > Error: connect ECONNREFUSED 127.0.0.1:8881\n\n-----------------------------------------------------------\n\nThe request we sent was:\n\nMethod: POST\nURL: http://127.0.0.1:8881/Prod_200_AppManagerWildFly21/gateway/transaction\n\n-----------------------------------------------------------\n\nCommon situations why this would fail:\n  - you don't have internet access\n  - you forgot to run / boot your web server\n  - your web server isn't accessible\n  - you have weird network configuration settings on your computer\n\nhttps://on.cypress.io/request\n    at <unknown> (http://localhost:57707/__cypress/runner/cypress_runner.js:136280:70)\n    at tryCatcher (http://localhost:57707/__cypress/runner/cypress_runner.js:1777:23)\n    at <unknown> (http://localhost:57707/__cypress/runner/cypress_runner.js:4173:37)\n    at tryCatcher (http://localhost:57707/__cypress/runner/cypress_runner.js:1777:23)\n    at Promise._settlePromiseFromHandler (http://localhost:57707/__cypress/runner/cypress_runner.js:1489:31)\n    at Promise._settlePromise (http://localhost:57707/__cypress/runner/cypress_runner.js:1546:18)\n    at Promise._settlePromise0 (http://localhost:57707/__cypress/runner/cypress_runner.js:1591:10)\n    at Promise._settlePromises (http://localhost:57707/__cypress/runner/cypress_runner.js:1667:18)\n    at _drainQueueStep (http://localhost:57707/__cypress/runner/cypress_runner.js:2377:12)\n    at _drainQueue (http://localhost:57707/__cypress/runner/cypress_runner.js:2370:9)\n    at Async._drainQueues (http://localhost:57707/__cypress/runner/cypress_runner.js:2386:5)\n    at Async.drainQueues (http://localhost:57707/__cypress/runner/cypress_runner.js:2256:14)\nFrom Your Spec Code:\n    at Context.eval (webpack://cypess-api-test/./cypress/e2e/API-TEST/INTERNAL_TRANSACTION/xcash_to-other-countries.cy.js:161:15)\n\nFrom Node.js Internals:\n  RequestError: Error: connect ECONNREFUSED 127.0.0.1:8881\n      at new r (<embedded>:227:402397)\n      at ee.callback (<embedded>:227:408398)\n      at e.callback.s.callback [as _callback] (<embedded>:227:407844)\n      at s._callback.s.callback.s.callback (<embedded>:290:107368)\n      at ee.emit (node:events:518:28)\n      at ee.onRequestError (<embedded>:290:116310)\n      at ClientRequest.emit (node:events:530:35)\n      at emitErrorEvent (node:_http_client:104:11)\n      at Socket.socketErrorListener (node:_http_client:518:5)\n      at Socket.emit (node:events:518:28)\n      at emitErrorNT (node:internal/streams/destroy:170:8)\n      at emitErrorCloseNT (node:internal/streams/destroy:129:3)\n      at process.processTicksAndRejections (node:internal/process/task_queues:90:21)",
                    "diff": null
                  },
                  "uuid": "a1355b5b-cdb7-4c30-a0ec-c0681a155fb4",
                  "parentUUID": "d46c3929-a320-4d6d-bf57-77486e0d7b94",
                  "isHook": false,
                  "skipped": false
                },
                {
                  "title": "should return invalid sender number message",
                  "fullTitle": "XCASH API Tests Failed response should return invalid sender number message",
                  "timedOut": null,
                  "duration": 718,
                  "state": "failed",
                  "speed": null,
                  "pass": false,
                  "fail": true,
                  "pending": false,
                  "context": null,
                  "code": "const invalidsenderNumberBody = {\n  \"request-id\": randomId,\n  \"sender\": \"invalid_sender\",\n  //invalid sender number\n  \"destination\": \"XBORDER_SEND_BJ\",\n  \"command-id\": \"XCASH\",\n  \"auth\": \"2222\",\n  \"amount\": \"200\",\n  \"remarks\": \"\",\n  \"extended-data\": {\n    \"custommessage\": \"\",\n    \"lang\": \"F\",\n    \"cellid\": \"1234\",\n    \"biller-reference\": \"\",\n    \"ext2\": \"\",\n    \"ext1\": \"\",\n    \"biller-code\": \"\",\n    \"biller-name\": \"XBORDER_SEND_BJ\",\n    \"account-number\": \"\",\n    \"recipient\": \"2290101080452\"\n  }\n};\ncy.request({\n  method: 'POST',\n  url: validEndpoint,\n  body: invalidsenderNumberBody,\n  headers: {\n    'Content-Type': 'application/json'\n  },\n  failOnStatusCode: false\n}).then(response => {\n  expect(response.status).to.equal(200);\n  expect(response.body['command-id']).to.equal('XCASH');\n  expect(response.body['request-id']).to.equal(randomId);\n  expect(response.body.status).to.equal(4);\n  expect(response.body['trans-id']).to.match(/^XCASH\\d{6}\\.\\d{4}\\.R\\d{5}$/);\n  // Validate message content\n  const invalidSenderNumberMESSAGE = [\"Desole, vous n'etes pas autorise a effectuer cette transaction.\"];\n  invalidSenderNumberMESSAGE.forEach(part => {\n    expect(response.body.message).to.include(part);\n  });\n});",
                  "err": {
                    "message": "CypressError: `cy.request()` failed trying to load:\n\nhttp://127.0.0.1:8881/Prod_200_AppManagerWildFly21/gateway/transaction\n\nWe attempted to make an http request to this URL but the request failed without a response.\n\nWe received this error at the network level:\n\n  > Error: connect ECONNREFUSED 127.0.0.1:8881\n\n-----------------------------------------------------------\n\nThe request we sent was:\n\nMethod: POST\nURL: http://127.0.0.1:8881/Prod_200_AppManagerWildFly21/gateway/transaction\n\n-----------------------------------------------------------\n\nCommon situations why this would fail:\n  - you don't have internet access\n  - you forgot to run / boot your web server\n  - your web server isn't accessible\n  - you have weird network configuration settings on your computer\n\nhttps://on.cypress.io/request",
                    "estack": "CypressError: `cy.request()` failed trying to load:\n\nhttp://127.0.0.1:8881/Prod_200_AppManagerWildFly21/gateway/transaction\n\nWe attempted to make an http request to this URL but the request failed without a response.\n\nWe received this error at the network level:\n\n  > Error: connect ECONNREFUSED 127.0.0.1:8881\n\n-----------------------------------------------------------\n\nThe request we sent was:\n\nMethod: POST\nURL: http://127.0.0.1:8881/Prod_200_AppManagerWildFly21/gateway/transaction\n\n-----------------------------------------------------------\n\nCommon situations why this would fail:\n  - you don't have internet access\n  - you forgot to run / boot your web server\n  - your web server isn't accessible\n  - you have weird network configuration settings on your computer\n\nhttps://on.cypress.io/request\n    at <unknown> (http://localhost:57707/__cypress/runner/cypress_runner.js:136280:70)\n    at tryCatcher (http://localhost:57707/__cypress/runner/cypress_runner.js:1777:23)\n    at <unknown> (http://localhost:57707/__cypress/runner/cypress_runner.js:4173:37)\n    at tryCatcher (http://localhost:57707/__cypress/runner/cypress_runner.js:1777:23)\n    at Promise._settlePromiseFromHandler (http://localhost:57707/__cypress/runner/cypress_runner.js:1489:31)\n    at Promise._settlePromise (http://localhost:57707/__cypress/runner/cypress_runner.js:1546:18)\n    at Promise._settlePromise0 (http://localhost:57707/__cypress/runner/cypress_runner.js:1591:10)\n    at Promise._settlePromises (http://localhost:57707/__cypress/runner/cypress_runner.js:1667:18)\n    at _drainQueueStep (http://localhost:57707/__cypress/runner/cypress_runner.js:2377:12)\n    at _drainQueue (http://localhost:57707/__cypress/runner/cypress_runner.js:2370:9)\n    at Async._drainQueues (http://localhost:57707/__cypress/runner/cypress_runner.js:2386:5)\n    at Async.drainQueues (http://localhost:57707/__cypress/runner/cypress_runner.js:2256:14)\nFrom Your Spec Code:\n    at Context.eval (webpack://cypess-api-test/./cypress/e2e/API-TEST/INTERNAL_TRANSACTION/xcash_to-other-countries.cy.js:210:15)\n\nFrom Node.js Internals:\n  RequestError: Error: connect ECONNREFUSED 127.0.0.1:8881\n      at new r (<embedded>:227:402397)\n      at ee.callback (<embedded>:227:408398)\n      at e.callback.s.callback [as _callback] (<embedded>:227:407844)\n      at s._callback.s.callback.s.callback (<embedded>:290:107368)\n      at ee.emit (node:events:518:28)\n      at ee.onRequestError (<embedded>:290:116310)\n      at ClientRequest.emit (node:events:530:35)\n      at emitErrorEvent (node:_http_client:104:11)\n      at Socket.socketErrorListener (node:_http_client:518:5)\n      at Socket.emit (node:events:518:28)\n      at emitErrorNT (node:internal/streams/destroy:170:8)\n      at emitErrorCloseNT (node:internal/streams/destroy:129:3)\n      at process.processTicksAndRejections (node:internal/process/task_queues:90:21)",
                    "diff": null
                  },
                  "uuid": "bad4acb7-58f6-46ea-809a-4b9a13c5afdd",
                  "parentUUID": "d46c3929-a320-4d6d-bf57-77486e0d7b94",
                  "isHook": false,
                  "skipped": false
                }
              ],
              "suites": [],
              "passes": [],
              "failures": [
                "773b3fb8-ec02-45e8-bf24-e67ede9c121f",
                "412f798d-ac9e-45da-bb63-92832e875070",
                "a1355b5b-cdb7-4c30-a0ec-c0681a155fb4",
                "bad4acb7-58f6-46ea-809a-4b9a13c5afdd"
              ],
              "pending": [],
              "skipped": [],
              "duration": 2784,
              "root": false,
              "rootEmpty": false,
              "_timeout": 2000
            }
          ],
          "passes": [],
          "failures": [],
          "pending": [],
          "skipped": [],
          "duration": 0,
          "root": false,
          "rootEmpty": false,
          "_timeout": 2000
        }
      ],
      "passes": [],
      "failures": [],
      "pending": [],
      "skipped": [],
      "duration": 0,
      "root": true,
      "rootEmpty": true,
      "_timeout": 2000
    }
  ],
  "meta": {
    "mocha": {
      "version": "7.2.0"
    },
    "mochawesome": {
      "options": {
        "quiet": false,
        "reportFilename": "mochawesome",
        "saveHtml": false,
        "saveJson": true,
        "consoleReporter": "spec",
        "useInlineDiffs": false,
        "code": true
      },
      "version": "7.1.3"
    },
    "marge": {
      "options": {
        "overwrite": false,
        "html": false,
        "json": true
      },
      "version": "6.2.0"
    }
  }
}